TN:
SF:/opt/srf-test-manager/lib/app.js
FN:40,(anonymous_1)
FN:54,(anonymous_2)
FN:104,(anonymous_3)
FN:115,(anonymous_4)
FN:119,(anonymous_5)
FN:125,actualActivateTestManager
FN:152,(anonymous_7)
FN:153,(anonymous_8)
FN:158,getPortForEnvVar
FNF:9
FNH:0
FNDA:0,(anonymous_1)
FNDA:0,(anonymous_2)
FNDA:0,(anonymous_3)
FNDA:0,(anonymous_4)
FNDA:0,(anonymous_5)
FNDA:0,actualActivateTestManager
FNDA:0,(anonymous_7)
FNDA:0,(anonymous_8)
FNDA:0,getPortForEnvVar
DA:2,1
DA:3,1
DA:4,1
DA:5,1
DA:6,1
DA:7,1
DA:8,1
DA:9,1
DA:10,1
DA:11,1
DA:12,1
DA:13,1
DA:14,1
DA:15,1
DA:16,1
DA:17,1
DA:18,1
DA:19,1
DA:20,1
DA:21,1
DA:22,1
DA:23,1
DA:24,1
DA:25,1
DA:26,1
DA:27,1
DA:28,1
DA:29,1
DA:30,1
DA:31,1
DA:32,1
DA:33,1
DA:34,1
DA:35,1
DA:36,1
DA:37,1
DA:41,0
DA:42,0
DA:43,0
DA:44,0
DA:46,0
DA:47,0
DA:48,0
DA:49,0
DA:50,0
DA:52,0
DA:53,0
DA:55,0
DA:56,0
DA:57,0
DA:58,0
DA:59,0
DA:60,0
DA:62,0
DA:63,0
DA:64,0
DA:65,0
DA:66,0
DA:67,0
DA:68,0
DA:69,0
DA:71,0
DA:72,0
DA:73,0
DA:74,0
DA:77,0
DA:78,0
DA:79,0
DA:82,0
DA:83,0
DA:85,0
DA:86,0
DA:87,0
DA:88,0
DA:89,0
DA:90,0
DA:92,0
DA:97,0
DA:98,0
DA:99,0
DA:100,0
DA:101,0
DA:102,0
DA:103,0
DA:104,0
DA:108,0
DA:109,0
DA:110,0
DA:111,0
DA:112,0
DA:113,0
DA:114,0
DA:115,0
DA:116,0
DA:121,0
DA:123,0
DA:125,1
DA:126,0
DA:127,0
DA:129,0
DA:130,0
DA:131,0
DA:132,0
DA:142,0
DA:152,0
DA:153,0
DA:156,0
DA:158,1
DA:159,0
DA:160,0
DA:161,0
DA:163,0
LF:112
LH:38
BRDA:42,1,0,0
BRDA:42,1,1,0
BRDA:49,2,0,0
BRDA:49,2,1,0
BRDA:59,3,0,0
BRDA:59,3,1,0
BRDA:64,4,0,0
BRDA:64,4,1,0
BRDA:67,5,0,0
BRDA:67,5,1,0
BRDA:72,6,0,0
BRDA:72,6,1,0
BRDA:73,7,0,0
BRDA:73,7,1,0
BRDA:82,8,0,0
BRDA:82,8,1,0
BRDA:89,9,0,0
BRDA:89,9,1,0
BRDA:126,10,0,0
BRDA:126,10,1,0
BRDA:160,11,0,0
BRDA:160,11,1,0
BRF:22
BRH:0
end_of_record
TN:
SF:/opt/srf-test-manager/lib/api/test-manager-rest-api.js
FN:21,(anonymous_1)
FN:23,TestManagerRestAPI
FN:31,(anonymous_3)
FN:37,(anonymous_4)
FN:68,(anonymous_5)
FN:74,(anonymous_6)
FN:82,(anonymous_7)
FN:85,(anonymous_8)
FN:94,(anonymous_9)
FN:118,(anonymous_10)
FN:121,(anonymous_11)
FN:129,(anonymous_12)
FN:133,(anonymous_13)
FN:135,(anonymous_14)
FN:149,(anonymous_15)
FN:155,(anonymous_16)
FN:164,(anonymous_17)
FN:168,(anonymous_18)
FN:173,(anonymous_19)
FN:176,(anonymous_20)
FN:179,(anonymous_21)
FN:180,(anonymous_22)
FN:182,(anonymous_23)
FN:187,(anonymous_24)
FN:191,(anonymous_25)
FN:195,(anonymous_26)
FN:196,(anonymous_27)
FN:198,(anonymous_28)
FN:210,(anonymous_29)
FN:213,(anonymous_30)
FN:223,(anonymous_31)
FN:246,(anonymous_32)
FN:251,(anonymous_33)
FN:253,(anonymous_34)
FN:258,(anonymous_35)
FN:263,(anonymous_36)
FN:265,(anonymous_37)
FN:270,(anonymous_38)
FN:276,(anonymous_39)
FN:280,(anonymous_40)
FNF:40
FNH:1
FNDA:1,(anonymous_1)
FNDA:0,TestManagerRestAPI
FNDA:0,(anonymous_3)
FNDA:0,(anonymous_4)
FNDA:0,(anonymous_5)
FNDA:0,(anonymous_6)
FNDA:0,(anonymous_7)
FNDA:0,(anonymous_8)
FNDA:0,(anonymous_9)
FNDA:0,(anonymous_10)
FNDA:0,(anonymous_11)
FNDA:0,(anonymous_12)
FNDA:0,(anonymous_13)
FNDA:0,(anonymous_14)
FNDA:0,(anonymous_15)
FNDA:0,(anonymous_16)
FNDA:0,(anonymous_17)
FNDA:0,(anonymous_18)
FNDA:0,(anonymous_19)
FNDA:0,(anonymous_20)
FNDA:0,(anonymous_21)
FNDA:0,(anonymous_22)
FNDA:0,(anonymous_23)
FNDA:0,(anonymous_24)
FNDA:0,(anonymous_25)
FNDA:0,(anonymous_26)
FNDA:0,(anonymous_27)
FNDA:0,(anonymous_28)
FNDA:0,(anonymous_29)
FNDA:0,(anonymous_30)
FNDA:0,(anonymous_31)
FNDA:0,(anonymous_32)
FNDA:0,(anonymous_33)
FNDA:0,(anonymous_34)
FNDA:0,(anonymous_35)
FNDA:0,(anonymous_36)
FNDA:0,(anonymous_37)
FNDA:0,(anonymous_38)
FNDA:0,(anonymous_39)
FNDA:0,(anonymous_40)
DA:2,1
DA:3,1
DA:5,1
DA:6,1
DA:7,1
DA:8,1
DA:9,1
DA:10,1
DA:11,1
DA:12,1
DA:13,1
DA:14,1
DA:15,1
DA:16,1
DA:17,1
DA:18,1
DA:19,1
DA:20,1
DA:21,1
DA:23,1
DA:24,0
DA:25,0
DA:26,0
DA:27,0
DA:28,0
DA:30,1
DA:32,0
DA:37,1
DA:38,0
DA:41,0
DA:42,0
DA:43,0
DA:44,0
DA:45,0
DA:46,0
DA:49,0
DA:50,0
DA:51,0
DA:52,0
DA:53,0
DA:54,0
DA:55,0
DA:56,0
DA:57,0
DA:58,0
DA:59,0
DA:60,0
DA:61,0
DA:62,0
DA:63,0
DA:64,0
DA:65,0
DA:66,0
DA:68,1
DA:69,0
DA:70,0
DA:71,0
DA:72,0
DA:74,1
DA:75,0
DA:76,0
DA:77,0
DA:78,0
DA:79,0
DA:83,0
DA:84,0
DA:86,0
DA:87,0
DA:88,0
DA:90,0
DA:94,1
DA:95,0
DA:96,0
DA:97,0
DA:98,0
DA:99,0
DA:100,0
DA:102,0
DA:103,0
DA:105,0
DA:106,0
DA:108,0
DA:109,0
DA:118,0
DA:119,0
DA:121,1
DA:122,0
DA:123,0
DA:124,0
DA:125,0
DA:126,0
DA:128,0
DA:129,0
DA:130,0
DA:133,1
DA:135,0
DA:144,0
DA:145,0
DA:146,0
DA:147,0
DA:149,1
DA:150,0
DA:151,0
DA:152,0
DA:153,0
DA:155,1
DA:156,0
DA:157,0
DA:158,0
DA:159,0
DA:160,0
DA:161,0
DA:165,0
DA:166,0
DA:167,0
DA:169,0
DA:170,0
DA:173,1
DA:174,0
DA:175,0
DA:176,0
DA:177,0
DA:179,1
DA:180,0
DA:182,1
DA:183,0
DA:184,0
DA:185,0
DA:186,0
DA:187,0
DA:188,0
DA:189,0
DA:190,0
DA:191,0
DA:192,0
DA:195,1
DA:196,0
DA:198,1
DA:199,0
DA:200,0
DA:201,0
DA:202,0
DA:203,0
DA:204,0
DA:205,0
DA:206,0
DA:207,0
DA:208,0
DA:210,0
DA:211,0
DA:212,0
DA:214,0
DA:215,0
DA:216,0
DA:218,0
DA:219,0
DA:223,1
DA:224,0
DA:225,0
DA:227,0
DA:228,0
DA:246,1
DA:247,0
DA:248,0
DA:249,0
DA:250,0
DA:251,0
DA:252,0
DA:254,0
DA:255,0
DA:258,1
DA:259,0
DA:260,0
DA:261,0
DA:262,0
DA:263,0
DA:264,0
DA:266,0
DA:267,0
DA:270,1
DA:271,0
DA:272,0
DA:273,0
DA:274,0
DA:275,0
DA:277,0
DA:278,0
DA:281,0
DA:282,0
DA:286,1
DA:288,1
LF:191
LH:40
BRDA:78,1,0,0
BRDA:78,1,1,0
BRDA:86,2,0,0
BRDA:86,2,1,0
BRDA:87,3,0,0
BRDA:87,3,1,0
BRDA:99,4,0,0
BRDA:99,4,1,0
BRDA:102,5,0,0
BRDA:102,5,1,0
BRDA:105,6,0,0
BRDA:105,6,1,0
BRDA:108,7,0,0
BRDA:108,7,1,0
BRDA:109,8,0,0
BRDA:109,8,1,0
BRDA:123,9,0,0
BRDA:123,9,1,0
BRDA:124,10,0,0
BRDA:124,10,1,0
BRDA:126,11,0,0
BRDA:126,11,1,0
BRDA:128,12,0,0
BRDA:128,12,1,0
BRDA:135,13,0,0
BRDA:135,13,1,0
BRDA:135,13,2,0
BRDA:135,13,3,0
BRDA:135,13,4,0
BRDA:135,13,5,0
BRDA:135,13,6,0
BRDA:135,13,7,0
BRDA:144,14,0,0
BRDA:144,14,1,0
BRDA:145,15,0,0
BRDA:145,15,1,0
BRDA:152,16,0,0
BRDA:152,16,1,0
BRDA:157,17,0,0
BRDA:157,17,1,0
BRDA:166,18,0,0
BRDA:166,18,1,0
BRDA:169,19,0,0
BRDA:169,19,1,0
BRDA:202,20,0,0
BRDA:202,20,1,0
BRDA:205,21,0,0
BRDA:205,21,1,0
BRDA:214,22,0,0
BRDA:214,22,1,0
BRDA:214,23,0,0
BRDA:214,23,1,0
BRDA:215,24,0,0
BRDA:215,24,1,0
BRDA:224,25,0,0
BRDA:224,25,1,0
BRDA:224,26,0,0
BRDA:224,26,1,0
BRDA:227,27,0,0
BRDA:227,27,1,0
BRDA:227,28,0,0
BRDA:227,28,1,0
BRDA:250,29,0,0
BRDA:250,29,1,0
BRDA:254,30,0,0
BRDA:254,30,1,0
BRDA:262,31,0,0
BRDA:262,31,1,0
BRDA:266,32,0,0
BRDA:266,32,1,0
BRDA:274,33,0,0
BRDA:274,33,1,0
BRDA:277,34,0,0
BRDA:277,34,1,0
BRDA:277,34,2,0
BRDA:277,34,3,0
BRDA:281,35,0,0
BRDA:281,35,1,0
BRF:78
BRH:0
end_of_record
TN:
SF:/opt/srf-test-manager/lib/logic/test-runs-extender.js
FN:5,(anonymous_1)
FN:6,TestRunsExtender
FN:10,(anonymous_3)
FN:13,(anonymous_4)
FN:20,(anonymous_5)
FN:25,(anonymous_6)
FNF:6
FNH:1
FNDA:1,(anonymous_1)
FNDA:0,TestRunsExtender
FNDA:0,(anonymous_3)
FNDA:0,(anonymous_4)
FNDA:0,(anonymous_5)
FNDA:0,(anonymous_6)
DA:2,1
DA:3,1
DA:4,1
DA:5,1
DA:6,1
DA:7,0
DA:8,0
DA:10,1
DA:11,0
DA:12,0
DA:13,0
DA:14,0
DA:15,0
DA:17,0
DA:18,0
DA:20,0
DA:21,0
DA:22,0
DA:24,0
DA:25,0
DA:26,0
DA:27,0
DA:28,0
DA:29,0
DA:31,0
DA:33,0
DA:35,1
DA:37,1
LF:28
LH:8
BRDA:15,1,0,0
BRDA:15,1,1,0
BRDA:15,2,0,0
BRDA:15,2,1,0
BRDA:20,3,0,0
BRDA:20,3,1,0
BRDA:21,4,0,0
BRDA:21,4,1,0
BRDA:27,5,0,0
BRDA:27,5,1,0
BRDA:28,6,0,0
BRDA:28,6,1,0
BRDA:28,7,0,0
BRDA:28,7,1,0
BRF:14
BRH:0
end_of_record
TN:
SF:/opt/srf-test-manager/lib/logic/test-stats-extender.js
FN:7,(anonymous_1)
FN:8,TestStatsExtender
FN:12,(anonymous_3)
FN:20,(anonymous_4)
FN:25,(anonymous_5)
FN:35,(anonymous_6)
FN:45,(anonymous_7)
FNF:7
FNH:1
FNDA:1,(anonymous_1)
FNDA:0,TestStatsExtender
FNDA:0,(anonymous_3)
FNDA:0,(anonymous_4)
FNDA:0,(anonymous_5)
FNDA:0,(anonymous_6)
FNDA:0,(anonymous_7)
DA:2,1
DA:3,1
DA:4,1
DA:5,1
DA:6,1
DA:7,1
DA:8,1
DA:9,0
DA:10,0
DA:12,1
DA:13,0
DA:14,0
DA:15,0
DA:16,0
DA:17,0
DA:18,0
DA:20,0
DA:21,0
DA:22,0
DA:23,0
DA:24,0
DA:26,0
DA:27,0
DA:28,0
DA:30,0
DA:31,0
DA:32,0
DA:33,0
DA:34,0
DA:35,0
DA:36,0
DA:37,0
DA:38,0
DA:41,0
DA:44,0
DA:45,0
DA:46,0
DA:48,0
DA:51,1
DA:53,1
LF:40
LH:10
BRDA:15,1,0,0
BRDA:15,1,1,0
BRDA:16,2,0,0
BRDA:16,2,1,0
BRDA:16,3,0,0
BRDA:16,3,1,0
BRDA:16,3,2,0
BRDA:16,4,0,0
BRDA:16,4,1,0
BRDA:20,5,0,0
BRDA:20,5,1,0
BRDA:20,5,2,0
BRDA:20,5,3,0
BRDA:26,6,0,0
BRDA:26,6,1,0
BRDA:26,7,0,0
BRDA:26,7,1,0
BRDA:32,8,0,0
BRDA:32,8,1,0
BRDA:33,9,0,0
BRDA:33,9,1,0
BRDA:37,10,0,0
BRDA:37,10,1,0
BRDA:37,11,0,0
BRDA:37,11,1,0
BRF:25
BRH:0
end_of_record
TN:
SF:/opt/srf-test-manager/lib/api/consts.js
FN:7,(anonymous_1)
FN:10,(anonymous_2)
FN:11,getInconsistentEntityParams
FN:13,(anonymous_4)
FN:22,(anonymous_5)
FN:26,setConsistencyStampAsETag
FNF:6
FNH:0
FNDA:0,(anonymous_1)
FNDA:0,(anonymous_2)
FNDA:0,getInconsistentEntityParams
FNDA:0,(anonymous_4)
FNDA:0,(anonymous_5)
FNDA:0,setConsistencyStampAsETag
DA:2,1
DA:3,1
DA:4,1
DA:5,1
DA:6,1
DA:7,1
DA:8,1
DA:10,1
DA:11,1
DA:12,0
DA:13,0
DA:14,0
DA:15,0
DA:22,0
DA:23,0
DA:25,1
DA:26,1
DA:27,0
DA:28,0
DA:29,0
DA:30,0
DA:31,0
DA:32,0
DA:33,0
DA:34,0
DA:36,0
DA:39,1
DA:41,1
DA:42,1
DA:43,1
DA:44,1
DA:45,1
LF:32
LH:17
BRDA:12,1,0,0
BRDA:12,1,1,0
BRDA:27,2,0,0
BRDA:27,2,1,0
BRDA:29,3,0,0
BRDA:29,3,1,0
BRDA:29,3,2,0
BRDA:30,4,0,0
BRDA:30,4,1,0
BRDA:31,5,0,0
BRDA:31,5,1,0
BRDA:33,6,0,0
BRDA:33,6,1,0
BRF:13
BRH:0
end_of_record
TN:
SF:/opt/srf-test-manager/lib/errors/errors.js
FN:2,(anonymous_1)
FN:4,(anonymous_2)
FN:5,(anonymous_3)
FN:6,(anonymous_4)
FN:8,__
FN:18,(anonymous_6)
FN:20,NameTooLongError
FN:29,(anonymous_8)
FN:31,TagNameTooLongError
FN:37,(anonymous_10)
FN:39,BuildNameTooLongError
FN:45,(anonymous_12)
FN:47,ReleaseNameTooLongError
FN:53,(anonymous_14)
FN:55,TestNotFoundError
FN:64,(anonymous_16)
FN:66,TestNotFoundByFilterError
FN:68,(anonymous_18)
FN:75,(anonymous_19)
FN:77,UnconvertableScriptRunError
FN:83,(anonymous_21)
FN:85,AssetParamAlreadyExistError
FN:94,(anonymous_23)
FN:96,AssetUniquenessError
FN:105,(anonymous_25)
FN:107,TestManagerGeneralError
FN:114,(anonymous_27)
FN:116,TestManagerIllegalInputError
FNF:28
FNH:14
FNDA:1,(anonymous_1)
FNDA:0,(anonymous_2)
FNDA:0,(anonymous_3)
FNDA:11,(anonymous_4)
FNDA:11,__
FNDA:1,(anonymous_6)
FNDA:0,NameTooLongError
FNDA:1,(anonymous_8)
FNDA:0,TagNameTooLongError
FNDA:1,(anonymous_10)
FNDA:0,BuildNameTooLongError
FNDA:1,(anonymous_12)
FNDA:0,ReleaseNameTooLongError
FNDA:1,(anonymous_14)
FNDA:0,TestNotFoundError
FNDA:1,(anonymous_16)
FNDA:0,TestNotFoundByFilterError
FNDA:0,(anonymous_18)
FNDA:1,(anonymous_19)
FNDA:0,UnconvertableScriptRunError
FNDA:1,(anonymous_21)
FNDA:0,AssetParamAlreadyExistError
FNDA:1,(anonymous_23)
FNDA:0,AssetUniquenessError
FNDA:1,(anonymous_25)
FNDA:0,TestManagerGeneralError
FNDA:1,(anonymous_27)
FNDA:0,TestManagerIllegalInputError
DA:2,1
DA:3,1
DA:4,0
DA:5,0
DA:6,1
DA:7,11
DA:8,11
DA:9,11
DA:12,1
DA:13,1
DA:14,1
DA:15,1
DA:16,1
DA:17,1
DA:18,1
DA:19,1
DA:20,1
DA:21,0
DA:22,0
DA:23,0
DA:24,0
DA:26,1
DA:28,1
DA:29,1
DA:30,1
DA:31,1
DA:32,0
DA:34,1
DA:36,1
DA:37,1
DA:38,1
DA:39,1
DA:40,0
DA:42,1
DA:44,1
DA:45,1
DA:46,1
DA:47,1
DA:48,0
DA:50,1
DA:52,1
DA:53,1
DA:54,1
DA:55,1
DA:56,0
DA:57,0
DA:58,0
DA:59,0
DA:61,1
DA:63,1
DA:64,1
DA:65,1
DA:66,1
DA:67,0
DA:68,0
DA:69,0
DA:70,0
DA:72,1
DA:74,1
DA:75,1
DA:76,1
DA:77,1
DA:78,0
DA:80,1
DA:82,1
DA:83,1
DA:84,1
DA:85,1
DA:86,0
DA:87,0
DA:88,0
DA:89,0
DA:91,1
DA:93,1
DA:94,1
DA:95,1
DA:96,1
DA:97,0
DA:98,0
DA:99,0
DA:100,0
DA:102,1
DA:104,1
DA:105,1
DA:106,1
DA:107,1
DA:108,0
DA:109,0
DA:111,1
DA:113,1
DA:114,1
DA:115,1
DA:116,1
DA:117,0
DA:118,0
DA:120,1
DA:122,1
LF:97
LH:67
BRDA:2,1,0,1
BRDA:2,1,1,1
BRDA:2,1,2,1
BRDA:3,2,0,1
BRDA:3,2,1,0
BRDA:3,2,2,0
BRDA:3,2,3,0
BRDA:5,3,0,0
BRDA:5,3,1,0
BRDA:9,4,0,0
BRDA:9,4,1,11
BRDA:23,5,0,0
BRDA:23,5,1,0
BRDA:32,6,0,0
BRDA:32,6,1,0
BRDA:40,7,0,0
BRDA:40,7,1,0
BRDA:48,8,0,0
BRDA:48,8,1,0
BRDA:58,9,0,0
BRDA:58,9,1,0
BRDA:69,10,0,0
BRDA:69,10,1,0
BRDA:78,11,0,0
BRDA:78,11,1,0
BRDA:88,12,0,0
BRDA:88,12,1,0
BRDA:99,13,0,0
BRDA:99,13,1,0
BRDA:108,14,0,0
BRDA:108,14,1,0
BRDA:109,15,0,0
BRDA:109,15,1,0
BRDA:117,16,0,0
BRDA:117,16,1,0
BRDA:118,17,0,0
BRDA:118,17,1,0
BRF:37
BRH:5
end_of_record
TN:
SF:/opt/srf-test-manager/lib/security/test-manager-permissions-validators.js
FN:2,(anonymous_1)
FN:4,(anonymous_2)
FN:5,(anonymous_3)
FN:6,(anonymous_4)
FN:8,__
FN:28,(anonymous_6)
FN:30,PermissionTestTypesValidator
FN:33,(anonymous_8)
FN:49,(anonymous_9)
FNF:9
FNH:4
FNDA:1,(anonymous_1)
FNDA:0,(anonymous_2)
FNDA:0,(anonymous_3)
FNDA:1,(anonymous_4)
FNDA:1,__
FNDA:1,(anonymous_6)
FNDA:0,PermissionTestTypesValidator
FNDA:0,(anonymous_8)
FNDA:0,(anonymous_9)
DA:2,1
DA:3,1
DA:4,0
DA:5,0
DA:6,1
DA:7,1
DA:8,1
DA:9,1
DA:12,1
DA:13,1
DA:14,1
DA:15,1
DA:21,1
DA:28,1
DA:29,1
DA:30,1
DA:31,0
DA:33,1
DA:34,0
DA:35,0
DA:36,0
DA:37,0
DA:40,0
DA:41,0
DA:44,0
DA:45,0
DA:46,0
DA:47,0
DA:49,1
DA:50,0
DA:54,1
DA:56,1
LF:32
LH:18
BRDA:2,1,0,1
BRDA:2,1,1,1
BRDA:2,1,2,1
BRDA:3,2,0,1
BRDA:3,2,1,0
BRDA:3,2,2,0
BRDA:3,2,3,0
BRDA:5,3,0,0
BRDA:5,3,1,0
BRDA:9,4,0,0
BRDA:9,4,1,1
BRDA:31,5,0,0
BRDA:31,5,1,0
BRDA:36,6,0,0
BRDA:36,6,1,0
BRDA:41,7,0,0
BRDA:41,7,1,0
BRDA:50,8,0,0
BRDA:50,8,1,0
BRDA:50,8,2,0
BRDA:50,8,3,0
BRF:21
BRH:5
end_of_record
TN:
SF:/opt/srf-test-manager/lib/database/test-manager-schema.js
FNF:0
FNH:0
DA:2,1
DA:3,1
DA:4,1
DA:6,1
DA:7,1
DA:8,1
DA:40,1
DA:53,1
DA:80,1
DA:94,1
DA:106,1
DA:116,1
LF:12
LH:12
BRF:0
BRH:0
end_of_record
TN:
SF:/opt/srf-test-manager/lib/settings.js
FNF:0
FNH:0
DA:3,1
DA:6,1
DA:9,1
LF:3
LH:3
BRF:0
BRH:0
end_of_record
TN:
SF:/opt/srf-test-manager/lib/service-consts.js
FNF:0
FNH:0
DA:2,1
DA:3,1
LF:2
LH:2
BRF:0
BRH:0
end_of_record
TN:
SF:/opt/srf-test-manager/lib/api/api-utils.js
FN:4,(anonymous_1)
FN:5,ApiUtils
FN:7,(anonymous_3)
FNF:3
FNH:1
FNDA:1,(anonymous_1)
FNDA:0,ApiUtils
FNDA:0,(anonymous_3)
DA:2,1
DA:3,1
DA:4,1
DA:5,1
DA:7,1
DA:8,0
DA:9,0
DA:10,0
DA:11,0
DA:12,0
DA:15,1
DA:17,1
LF:12
LH:7
BRDA:10,1,0,0
BRDA:10,1,1,0
BRF:2
BRH:0
end_of_record
TN:
SF:/opt/srf-test-manager/lib/api/asset-manager-rest-api.js
FN:12,(anonymous_1)
FN:13,AssetManagerRestAPI
FN:18,(anonymous_3)
FN:24,(anonymous_4)
FN:44,(anonymous_5)
FN:50,(anonymous_6)
FN:69,(anonymous_7)
FN:72,(anonymous_8)
FN:78,(anonymous_9)
FN:82,(anonymous_10)
FN:84,(anonymous_11)
FN:95,(anonymous_12)
FN:100,(anonymous_13)
FN:104,(anonymous_14)
FN:109,(anonymous_15)
FN:118,(anonymous_16)
FN:121,(anonymous_17)
FNF:17
FNH:1
FNDA:1,(anonymous_1)
FNDA:0,AssetManagerRestAPI
FNDA:0,(anonymous_3)
FNDA:0,(anonymous_4)
FNDA:0,(anonymous_5)
FNDA:0,(anonymous_6)
FNDA:0,(anonymous_7)
FNDA:0,(anonymous_8)
FNDA:0,(anonymous_9)
FNDA:0,(anonymous_10)
FNDA:0,(anonymous_11)
FNDA:0,(anonymous_12)
FNDA:0,(anonymous_13)
FNDA:0,(anonymous_14)
FNDA:0,(anonymous_15)
FNDA:0,(anonymous_16)
FNDA:0,(anonymous_17)
DA:2,1
DA:3,1
DA:4,1
DA:5,1
DA:6,1
DA:7,1
DA:8,1
DA:9,1
DA:10,1
DA:11,1
DA:12,1
DA:13,1
DA:14,0
DA:15,0
DA:17,1
DA:19,0
DA:24,1
DA:25,0
DA:26,0
DA:27,0
DA:28,0
DA:29,0
DA:32,0
DA:33,0
DA:34,0
DA:35,0
DA:36,0
DA:38,0
DA:39,0
DA:40,0
DA:41,0
DA:42,0
DA:44,1
DA:45,0
DA:46,0
DA:47,0
DA:48,0
DA:50,1
DA:51,0
DA:52,0
DA:53,0
DA:54,0
DA:55,0
DA:56,0
DA:58,0
DA:69,0
DA:70,0
DA:72,1
DA:73,0
DA:74,0
DA:75,0
DA:77,0
DA:78,0
DA:80,0
DA:82,1
DA:84,0
DA:91,0
DA:92,0
DA:93,0
DA:95,1
DA:96,0
DA:97,0
DA:98,0
DA:99,0
DA:100,0
DA:101,0
DA:102,0
DA:103,0
DA:105,0
DA:106,0
DA:109,1
DA:110,0
DA:111,0
DA:112,0
DA:113,0
DA:114,0
DA:115,0
DA:117,0
DA:118,0
DA:119,0
DA:120,0
DA:122,0
DA:123,0
DA:124,0
DA:126,0
DA:127,0
DA:130,1
DA:132,1
LF:88
LH:22
BRDA:47,1,0,0
BRDA:47,1,1,0
BRDA:55,2,0,0
BRDA:55,2,1,0
BRDA:58,3,0,0
BRDA:58,3,1,0
BRDA:74,4,0,0
BRDA:74,4,1,0
BRDA:77,5,0,0
BRDA:77,5,1,0
BRDA:84,6,0,0
BRDA:84,6,1,0
BRDA:84,6,2,0
BRDA:84,6,3,0
BRDA:84,6,4,0
BRDA:84,6,5,0
BRDA:91,7,0,0
BRDA:91,7,1,0
BRDA:97,8,0,0
BRDA:97,8,1,0
BRDA:102,9,0,0
BRDA:102,9,1,0
BRDA:105,10,0,0
BRDA:105,10,1,0
BRDA:113,11,0,0
BRDA:113,11,1,0
BRDA:122,12,0,0
BRDA:122,12,1,0
BRDA:122,13,0,0
BRDA:122,13,1,0
BRDA:123,14,0,0
BRDA:123,14,1,0
BRF:32
BRH:0
end_of_record
TN:
SF:/opt/srf-test-manager/lib/api/test-results-rest-api.js
FN:17,(anonymous_1)
FN:18,TestResultRestApi
FN:31,(anonymous_3)
FN:37,(anonymous_4)
FN:91,(anonymous_5)
FN:98,(anonymous_6)
FN:117,(anonymous_7)
FN:123,(anonymous_8)
FN:127,(anonymous_9)
FN:131,(anonymous_10)
FN:137,(anonymous_11)
FN:141,(anonymous_12)
FN:145,(anonymous_13)
FN:151,(anonymous_14)
FN:158,(anonymous_15)
FN:165,(anonymous_16)
FN:169,(anonymous_17)
FN:175,(anonymous_18)
FN:182,(anonymous_19)
FN:197,(anonymous_20)
FN:216,(anonymous_21)
FN:220,(anonymous_22)
FN:226,(anonymous_23)
FN:254,(anonymous_24)
FN:257,(anonymous_25)
FN:259,(anonymous_26)
FN:261,(anonymous_27)
FN:263,(anonymous_28)
FN:277,(anonymous_29)
FN:283,(anonymous_30)
FN:311,(anonymous_31)
FN:316,(anonymous_32)
FN:322,(anonymous_33)
FN:327,(anonymous_34)
FN:333,(anonymous_35)
FN:344,(anonymous_36)
FN:347,(anonymous_37)
FN:353,(anonymous_38)
FN:364,(anonymous_39)
FN:368,(anonymous_40)
FN:376,(anonymous_41)
FN:397,(anonymous_42)
FN:401,(anonymous_43)
FN:404,(anonymous_44)
FN:410,(anonymous_45)
FN:414,(anonymous_46)
FN:417,(anonymous_47)
FN:423,(anonymous_48)
FN:427,(anonymous_49)
FN:430,(anonymous_50)
FN:436,(anonymous_51)
FN:440,(anonymous_52)
FN:443,(anonymous_53)
FN:449,(anonymous_54)
FNF:54
FNH:1
FNDA:1,(anonymous_1)
FNDA:0,TestResultRestApi
FNDA:0,(anonymous_3)
FNDA:0,(anonymous_4)
FNDA:0,(anonymous_5)
FNDA:0,(anonymous_6)
FNDA:0,(anonymous_7)
FNDA:0,(anonymous_8)
FNDA:0,(anonymous_9)
FNDA:0,(anonymous_10)
FNDA:0,(anonymous_11)
FNDA:0,(anonymous_12)
FNDA:0,(anonymous_13)
FNDA:0,(anonymous_14)
FNDA:0,(anonymous_15)
FNDA:0,(anonymous_16)
FNDA:0,(anonymous_17)
FNDA:0,(anonymous_18)
FNDA:0,(anonymous_19)
FNDA:0,(anonymous_20)
FNDA:0,(anonymous_21)
FNDA:0,(anonymous_22)
FNDA:0,(anonymous_23)
FNDA:0,(anonymous_24)
FNDA:0,(anonymous_25)
FNDA:0,(anonymous_26)
FNDA:0,(anonymous_27)
FNDA:0,(anonymous_28)
FNDA:0,(anonymous_29)
FNDA:0,(anonymous_30)
FNDA:0,(anonymous_31)
FNDA:0,(anonymous_32)
FNDA:0,(anonymous_33)
FNDA:0,(anonymous_34)
FNDA:0,(anonymous_35)
FNDA:0,(anonymous_36)
FNDA:0,(anonymous_37)
FNDA:0,(anonymous_38)
FNDA:0,(anonymous_39)
FNDA:0,(anonymous_40)
FNDA:0,(anonymous_41)
FNDA:0,(anonymous_42)
FNDA:0,(anonymous_43)
FNDA:0,(anonymous_44)
FNDA:0,(anonymous_45)
FNDA:0,(anonymous_46)
FNDA:0,(anonymous_47)
FNDA:0,(anonymous_48)
FNDA:0,(anonymous_49)
FNDA:0,(anonymous_50)
FNDA:0,(anonymous_51)
FNDA:0,(anonymous_52)
FNDA:0,(anonymous_53)
FNDA:0,(anonymous_54)
DA:2,1
DA:3,1
DA:4,1
DA:5,1
DA:6,1
DA:7,1
DA:8,1
DA:9,1
DA:10,1
DA:11,1
DA:12,1
DA:13,1
DA:14,1
DA:15,1
DA:16,1
DA:17,1
DA:18,1
DA:19,0
DA:20,0
DA:21,0
DA:22,0
DA:23,0
DA:24,0
DA:25,0
DA:26,0
DA:27,0
DA:28,0
DA:30,1
DA:32,0
DA:37,1
DA:38,0
DA:39,0
DA:40,0
DA:41,0
DA:42,0
DA:43,0
DA:44,0
DA:45,0
DA:46,0
DA:48,0
DA:49,0
DA:50,0
DA:51,0
DA:52,0
DA:53,0
DA:54,0
DA:57,0
DA:60,0
DA:61,0
DA:62,0
DA:63,0
DA:64,0
DA:65,0
DA:66,0
DA:67,0
DA:68,0
DA:69,0
DA:70,0
DA:91,1
DA:92,0
DA:93,0
DA:94,0
DA:95,0
DA:97,0
DA:99,0
DA:100,0
DA:101,0
DA:102,0
DA:103,0
DA:104,0
DA:106,0
DA:107,0
DA:109,0
DA:113,0
DA:114,0
DA:118,0
DA:119,0
DA:123,1
DA:124,0
DA:125,0
DA:126,0
DA:128,0
DA:129,0
DA:132,0
DA:133,0
DA:137,1
DA:138,0
DA:139,0
DA:140,0
DA:142,0
DA:143,0
DA:146,0
DA:147,0
DA:151,1
DA:152,0
DA:153,0
DA:154,0
DA:155,0
DA:156,0
DA:157,0
DA:159,0
DA:160,0
DA:161,0
DA:163,0
DA:166,0
DA:167,0
DA:170,0
DA:171,0
DA:175,1
DA:176,0
DA:177,0
DA:178,0
DA:179,0
DA:180,0
DA:181,0
DA:183,0
DA:184,0
DA:185,0
DA:186,0
DA:188,0
DA:189,0
DA:190,0
DA:191,0
DA:193,0
DA:194,0
DA:195,0
DA:198,0
DA:199,0
DA:200,0
DA:201,0
DA:203,0
DA:204,0
DA:212,0
DA:213,0
DA:216,1
DA:217,0
DA:218,0
DA:219,0
DA:221,0
DA:222,0
DA:223,0
DA:226,1
DA:227,0
DA:228,0
DA:229,0
DA:230,0
DA:231,0
DA:232,0
DA:234,0
DA:235,0
DA:237,0
DA:238,0
DA:240,0
DA:241,0
DA:243,0
DA:244,0
DA:245,0
DA:247,0
DA:254,0
DA:255,0
DA:257,1
DA:258,0
DA:259,0
DA:261,1
DA:263,0
DA:264,0
DA:272,0
DA:273,0
DA:274,0
DA:275,0
DA:277,1
DA:278,0
DA:279,0
DA:280,0
DA:281,0
DA:282,0
DA:284,0
DA:287,0
DA:288,0
DA:289,0
DA:290,0
DA:291,0
DA:292,0
DA:293,0
DA:294,0
DA:295,0
DA:296,0
DA:297,0
DA:298,0
DA:299,0
DA:300,0
DA:301,0
DA:303,0
DA:306,0
DA:307,0
DA:308,0
DA:309,0
DA:312,0
DA:313,0
DA:316,1
DA:317,0
DA:318,0
DA:319,0
DA:320,0
DA:321,0
DA:323,0
DA:324,0
DA:325,0
DA:326,0
DA:328,0
DA:329,0
DA:333,1
DA:334,0
DA:335,0
DA:336,0
DA:337,0
DA:338,0
DA:339,0
DA:340,0
DA:341,0
DA:343,0
DA:345,0
DA:346,0
DA:348,0
DA:349,0
DA:353,1
DA:354,0
DA:355,0
DA:356,0
DA:357,0
DA:358,0
DA:359,0
DA:360,0
DA:361,0
DA:363,0
DA:365,0
DA:366,0
DA:367,0
DA:369,0
DA:370,0
DA:371,0
DA:372,0
DA:374,0
DA:375,0
DA:377,0
DA:378,0
DA:379,0
DA:397,1
DA:398,0
DA:399,0
DA:400,0
DA:402,0
DA:405,0
DA:406,0
DA:410,1
DA:411,0
DA:412,0
DA:413,0
DA:415,0
DA:418,0
DA:419,0
DA:423,1
DA:424,0
DA:425,0
DA:426,0
DA:428,0
DA:431,0
DA:432,0
DA:436,1
DA:437,0
DA:438,0
DA:439,0
DA:441,0
DA:444,0
DA:445,0
DA:449,1
DA:450,0
DA:451,0
DA:452,0
DA:453,0
DA:455,0
DA:456,0
DA:457,0
DA:458,0
DA:460,1
DA:462,1
LF:286
LH:39
BRDA:93,1,0,0
BRDA:93,1,1,0
BRDA:94,2,0,0
BRDA:94,2,1,0
BRDA:94,3,0,0
BRDA:94,3,1,0
BRDA:99,4,0,0
BRDA:99,4,1,0
BRDA:99,5,0,0
BRDA:99,5,1,0
BRDA:102,6,0,0
BRDA:102,6,1,0
BRDA:103,7,0,0
BRDA:103,7,1,0
BRDA:106,8,0,0
BRDA:106,8,1,0
BRDA:125,9,0,0
BRDA:125,9,1,0
BRDA:126,10,0,0
BRDA:126,10,1,0
BRDA:139,11,0,0
BRDA:139,11,1,0
BRDA:159,12,0,0
BRDA:159,12,1,0
BRDA:185,13,0,0
BRDA:185,13,1,0
BRDA:190,14,0,0
BRDA:190,14,1,0
BRDA:200,15,0,0
BRDA:200,15,1,0
BRDA:231,16,0,0
BRDA:231,16,1,0
BRDA:234,17,0,0
BRDA:234,17,1,0
BRDA:237,18,0,0
BRDA:237,18,1,0
BRDA:240,19,0,0
BRDA:240,19,1,0
BRDA:243,20,0,0
BRDA:243,20,1,0
BRDA:244,21,0,0
BRDA:244,21,1,0
BRDA:247,22,0,0
BRDA:247,22,1,0
BRDA:264,23,0,0
BRDA:264,23,1,0
BRDA:264,23,2,0
BRDA:264,23,3,0
BRDA:264,23,4,0
BRDA:264,23,5,0
BRDA:272,24,0,0
BRDA:272,24,1,0
BRDA:281,25,0,0
BRDA:281,25,1,0
BRDA:281,26,0,0
BRDA:281,26,1,0
BRDA:287,27,0,0
BRDA:287,27,1,0
BRDA:288,28,0,0
BRDA:288,28,1,0
BRDA:288,29,0,0
BRDA:288,29,1,0
BRDA:294,30,0,0
BRDA:294,30,1,0
BRDA:296,31,0,0
BRDA:296,31,1,0
BRDA:300,32,0,0
BRDA:300,32,1,0
BRDA:308,33,0,0
BRDA:308,33,1,0
BRDA:312,34,0,0
BRDA:312,34,1,0
BRDA:320,35,0,0
BRDA:320,35,1,0
BRDA:328,36,0,0
BRDA:328,36,1,0
BRDA:336,37,0,0
BRDA:336,37,1,0
BRDA:337,38,0,0
BRDA:337,38,1,0
BRDA:338,39,0,0
BRDA:338,39,1,0
BRDA:348,40,0,0
BRDA:348,40,1,0
BRDA:356,41,0,0
BRDA:356,41,1,0
BRDA:357,42,0,0
BRDA:357,42,1,0
BRDA:358,43,0,0
BRDA:358,43,1,0
BRDA:369,44,0,0
BRDA:369,44,1,0
BRDA:369,45,0,0
BRDA:369,45,1,0
BRDA:370,46,0,0
BRDA:370,46,1,0
BRDA:452,47,0,0
BRDA:452,47,1,0
BRF:98
BRH:0
end_of_record
TN:
SF:/opt/srf-test-manager/lib/run-management/data-layer/run-schema.js
FNF:0
FNH:0
DA:2,1
DA:3,1
DA:4,1
DA:6,1
DA:7,1
DA:8,1
DA:36,1
DA:93,1
DA:133,1
DA:158,1
LF:10
LH:10
BRF:0
BRH:0
end_of_record
TN:
SF:/opt/srf-test-manager/lib/api/execution-rest-api.js
FN:10,(anonymous_1)
FN:11,ExecutionRestApi
FN:17,(anonymous_3)
FN:23,(anonymous_4)
FN:33,(anonymous_5)
FN:41,(anonymous_6)
FN:44,(anonymous_7)
FN:47,(anonymous_8)
FN:59,(anonymous_9)
FN:66,(anonymous_10)
FN:69,(anonymous_11)
FN:90,(anonymous_12)
FN:100,(anonymous_13)
FN:103,(anonymous_14)
FN:106,(anonymous_15)
FN:110,(anonymous_16)
FN:115,(anonymous_17)
FN:118,(anonymous_18)
FN:121,(anonymous_19)
FNF:19
FNH:1
FNDA:1,(anonymous_1)
FNDA:0,ExecutionRestApi
FNDA:0,(anonymous_3)
FNDA:0,(anonymous_4)
FNDA:0,(anonymous_5)
FNDA:0,(anonymous_6)
FNDA:0,(anonymous_7)
FNDA:0,(anonymous_8)
FNDA:0,(anonymous_9)
FNDA:0,(anonymous_10)
FNDA:0,(anonymous_11)
FNDA:0,(anonymous_12)
FNDA:0,(anonymous_13)
FNDA:0,(anonymous_14)
FNDA:0,(anonymous_15)
FNDA:0,(anonymous_16)
FNDA:0,(anonymous_17)
FNDA:0,(anonymous_18)
FNDA:0,(anonymous_19)
DA:2,1
DA:3,1
DA:4,1
DA:5,1
DA:6,1
DA:7,1
DA:8,1
DA:9,1
DA:10,1
DA:11,1
DA:12,0
DA:13,0
DA:14,0
DA:16,1
DA:18,0
DA:23,1
DA:24,0
DA:25,0
DA:26,0
DA:27,0
DA:28,0
DA:29,0
DA:30,0
DA:31,0
DA:33,1
DA:34,0
DA:35,0
DA:36,0
DA:37,0
DA:38,0
DA:39,0
DA:40,0
DA:41,0
DA:42,0
DA:43,0
DA:45,0
DA:46,0
DA:48,0
DA:53,0
DA:54,0
DA:55,0
DA:56,0
DA:58,0
DA:59,0
DA:60,0
DA:61,0
DA:62,0
DA:63,0
DA:64,0
DA:66,0
DA:67,0
DA:69,0
DA:70,0
DA:71,0
DA:72,0
DA:73,0
DA:74,0
DA:75,0
DA:76,0
DA:79,0
DA:81,0
DA:82,0
DA:84,0
DA:86,0
DA:90,1
DA:91,0
DA:92,0
DA:93,0
DA:94,0
DA:95,0
DA:96,0
DA:97,0
DA:98,0
DA:100,0
DA:101,0
DA:102,0
DA:104,0
DA:105,0
DA:107,0
DA:110,1
DA:111,0
DA:112,0
DA:113,0
DA:114,0
DA:115,0
DA:116,0
DA:117,0
DA:119,0
DA:120,0
DA:122,0
DA:125,1
DA:127,1
LF:92
LH:17
BRDA:37,1,0,0
BRDA:37,1,1,0
BRDA:40,2,0,0
BRDA:40,2,1,0
BRDA:53,3,0,0
BRDA:53,3,1,0
BRDA:53,4,0,0
BRDA:53,4,1,0
BRDA:53,4,2,0
BRDA:61,5,0,0
BRDA:61,5,1,0
BRDA:63,6,0,0
BRDA:63,6,1,0
BRDA:74,7,0,0
BRDA:74,7,1,0
BRDA:81,8,0,0
BRDA:81,8,1,0
BRDA:94,9,0,0
BRDA:94,9,1,0
BRDA:95,10,0,0
BRDA:95,10,1,0
BRF:21
BRH:0
end_of_record
TN:
SF:/opt/srf-test-manager/lib/execution-manager.js
FN:7,(anonymous_1)
FN:8,ExecutionManager
FN:21,(anonymous_3)
FN:24,(anonymous_4)
FN:25,(anonymous_5)
FN:37,(anonymous_6)
FN:40,(anonymous_7)
FN:41,(anonymous_8)
FN:53,(anonymous_9)
FN:56,(anonymous_10)
FN:57,(anonymous_11)
FN:69,(anonymous_12)
FNF:12
FNH:1
FNDA:1,(anonymous_1)
FNDA:0,ExecutionManager
FNDA:0,(anonymous_3)
FNDA:0,(anonymous_4)
FNDA:0,(anonymous_5)
FNDA:0,(anonymous_6)
FNDA:0,(anonymous_7)
FNDA:0,(anonymous_8)
FNDA:0,(anonymous_9)
FNDA:0,(anonymous_10)
FNDA:0,(anonymous_11)
FNDA:0,(anonymous_12)
DA:2,1
DA:3,1
DA:4,1
DA:5,1
DA:6,1
DA:7,1
DA:8,1
DA:9,0
DA:10,0
DA:11,0
DA:12,0
DA:13,0
DA:14,0
DA:15,0
DA:17,0
DA:18,0
DA:21,1
DA:22,0
DA:23,0
DA:24,0
DA:25,0
DA:26,0
DA:27,0
DA:28,0
DA:31,0
DA:32,0
DA:37,1
DA:38,0
DA:39,0
DA:40,0
DA:41,0
DA:42,0
DA:43,0
DA:44,0
DA:47,0
DA:48,0
DA:53,1
DA:54,0
DA:55,0
DA:56,0
DA:57,0
DA:58,0
DA:59,0
DA:60,0
DA:63,0
DA:64,0
DA:69,1
DA:70,0
DA:81,1
DA:83,1
LF:50
LH:13
BRDA:13,1,0,0
BRDA:13,1,1,0
BRDA:26,2,0,0
BRDA:26,2,1,0
BRDA:42,3,0,0
BRDA:42,3,1,0
BRDA:58,4,0,0
BRDA:58,4,1,0
BRF:8
BRH:0
end_of_record
TN:
SF:/opt/srf-test-manager/lib/logic/tests-management.js
FN:10,(anonymous_1)
FN:12,TestsManagement
FN:37,(anonymous_3)
FN:42,(anonymous_4)
FN:48,(anonymous_5)
FN:53,(anonymous_6)
FN:54,(anonymous_7)
FN:58,(anonymous_8)
FN:63,(anonymous_9)
FN:69,(anonymous_10)
FN:74,(anonymous_11)
FN:76,(anonymous_12)
FN:82,(anonymous_13)
FN:87,(anonymous_14)
FN:93,(anonymous_15)
FN:98,(anonymous_16)
FN:102,(anonymous_17)
FN:120,(anonymous_18)
FN:137,(anonymous_19)
FN:140,(anonymous_20)
FN:145,(anonymous_21)
FN:150,(anonymous_22)
FN:153,(anonymous_23)
FNF:23
FNH:1
FNDA:1,(anonymous_1)
FNDA:0,TestsManagement
FNDA:0,(anonymous_3)
FNDA:0,(anonymous_4)
FNDA:0,(anonymous_5)
FNDA:0,(anonymous_6)
FNDA:0,(anonymous_7)
FNDA:0,(anonymous_8)
FNDA:0,(anonymous_9)
FNDA:0,(anonymous_10)
FNDA:0,(anonymous_11)
FNDA:0,(anonymous_12)
FNDA:0,(anonymous_13)
FNDA:0,(anonymous_14)
FNDA:0,(anonymous_15)
FNDA:0,(anonymous_16)
FNDA:0,(anonymous_17)
FNDA:0,(anonymous_18)
FNDA:0,(anonymous_19)
FNDA:0,(anonymous_20)
FNDA:0,(anonymous_21)
FNDA:0,(anonymous_22)
FNDA:0,(anonymous_23)
DA:2,1
DA:3,1
DA:4,1
DA:5,1
DA:6,1
DA:7,1
DA:8,1
DA:9,1
DA:10,1
DA:12,1
DA:13,0
DA:14,0
DA:15,0
DA:16,0
DA:17,0
DA:18,0
DA:19,0
DA:20,0
DA:21,0
DA:27,0
DA:33,0
DA:37,1
DA:38,0
DA:39,0
DA:40,0
DA:41,0
DA:42,0
DA:43,0
DA:44,0
DA:45,0
DA:46,0
DA:48,0
DA:49,0
DA:51,0
DA:53,0
DA:54,0
DA:55,0
DA:58,1
DA:59,0
DA:60,0
DA:61,0
DA:62,0
DA:63,0
DA:64,0
DA:65,0
DA:66,0
DA:67,0
DA:69,0
DA:70,0
DA:72,0
DA:74,0
DA:75,0
DA:76,0
DA:77,0
DA:79,0
DA:82,1
DA:83,0
DA:84,0
DA:85,0
DA:86,0
DA:87,0
DA:88,0
DA:89,0
DA:90,0
DA:91,0
DA:93,0
DA:94,0
DA:96,0
DA:98,0
DA:99,0
DA:102,1
DA:103,0
DA:104,0
DA:105,0
DA:106,0
DA:110,0
DA:112,0
DA:115,0
DA:116,0
DA:120,1
DA:121,0
DA:122,0
DA:123,0
DA:124,0
DA:131,0
DA:132,0
DA:133,0
DA:134,0
DA:136,0
DA:137,0
DA:138,0
DA:139,0
DA:141,0
DA:142,0
DA:145,1
DA:146,0
DA:147,0
DA:148,0
DA:149,0
DA:150,0
DA:151,0
DA:152,0
DA:154,0
DA:155,0
DA:156,0
DA:159,1
DA:161,1
LF:107
LH:18
BRDA:44,1,0,0
BRDA:44,1,1,0
BRDA:61,2,0,0
BRDA:61,2,1,0
BRDA:65,3,0,0
BRDA:65,3,1,0
BRDA:89,4,0,0
BRDA:89,4,1,0
BRDA:106,5,0,0
BRDA:106,5,1,0
BRDA:106,5,2,0
BRDA:106,5,3,0
BRDA:106,5,4,0
BRDA:132,6,0,0
BRDA:132,6,1,0
BRDA:133,7,0,0
BRDA:133,7,1,0
BRF:17
BRH:0
end_of_record
TN:
SF:/opt/srf-test-manager/lib/logic/tests-accessor.js
FN:22,(anonymous_1)
FN:23,TestsAccessor
FN:30,(anonymous_3)
FN:50,(anonymous_4)
FN:61,(anonymous_5)
FN:73,(anonymous_6)
FN:76,(anonymous_7)
FN:78,(anonymous_8)
FN:82,(anonymous_9)
FN:94,(anonymous_10)
FN:103,(anonymous_11)
FN:120,(anonymous_12)
FN:121,(anonymous_13)
FN:125,(anonymous_14)
FN:135,(anonymous_15)
FN:136,(anonymous_16)
FN:138,(anonymous_17)
FN:141,(anonymous_18)
FN:143,(anonymous_19)
FN:147,(anonymous_20)
FNF:20
FNH:1
FNDA:1,(anonymous_1)
FNDA:0,TestsAccessor
FNDA:0,(anonymous_3)
FNDA:0,(anonymous_4)
FNDA:0,(anonymous_5)
FNDA:0,(anonymous_6)
FNDA:0,(anonymous_7)
FNDA:0,(anonymous_8)
FNDA:0,(anonymous_9)
FNDA:0,(anonymous_10)
FNDA:0,(anonymous_11)
FNDA:0,(anonymous_12)
FNDA:0,(anonymous_13)
FNDA:0,(anonymous_14)
FNDA:0,(anonymous_15)
FNDA:0,(anonymous_16)
FNDA:0,(anonymous_17)
FNDA:0,(anonymous_18)
FNDA:0,(anonymous_19)
FNDA:0,(anonymous_20)
DA:2,1
DA:3,1
DA:4,1
DA:5,1
DA:6,1
DA:7,1
DA:8,1
DA:9,1
DA:10,1
DA:11,1
DA:12,1
DA:13,1
DA:14,1
DA:15,1
DA:16,1
DA:17,1
DA:18,1
DA:19,1
DA:20,1
DA:21,1
DA:22,1
DA:23,1
DA:24,0
DA:25,0
DA:26,0
DA:27,0
DA:28,0
DA:30,1
DA:31,0
DA:32,0
DA:43,0
DA:48,0
DA:50,1
DA:51,0
DA:52,0
DA:56,0
DA:61,0
DA:62,0
DA:63,0
DA:64,0
DA:68,0
DA:69,0
DA:73,1
DA:74,0
DA:75,0
DA:76,0
DA:78,1
DA:79,0
DA:80,0
DA:81,0
DA:82,0
DA:83,0
DA:84,0
DA:85,0
DA:88,0
DA:89,0
DA:90,0
DA:94,1
DA:95,0
DA:96,0
DA:97,0
DA:101,0
DA:103,1
DA:104,0
DA:105,0
DA:106,0
DA:109,0
DA:113,0
DA:121,0
DA:122,0
DA:125,1
DA:126,0
DA:127,0
DA:133,0
DA:135,0
DA:136,0
DA:137,0
DA:138,0
DA:140,0
DA:141,0
DA:143,0
DA:144,0
DA:147,1
DA:148,0
DA:153,0
DA:154,0
DA:155,0
DA:156,0
DA:157,0
DA:165,1
DA:167,1
LF:91
LH:32
BRDA:62,1,0,0
BRDA:62,1,1,0
BRDA:68,2,0,0
BRDA:68,2,1,0
BRDA:83,3,0,0
BRDA:83,3,1,0
BRDA:137,4,0,0
BRDA:137,4,1,0
BRDA:140,5,0,0
BRDA:140,5,1,0
BRDA:156,6,0,0
BRDA:156,6,1,0
BRDA:156,6,2,0
BRF:13
BRH:0
end_of_record
TN:
SF:/opt/srf-test-manager/lib/database/test-filters.js
FN:7,(anonymous_1)
FN:8,TestBasicFilters
FN:13,(anonymous_3)
FN:15,(anonymous_4)
FN:66,(anonymous_5)
FN:67,TestsByAssetsFilter
FN:72,(anonymous_7)
FN:80,(anonymous_8)
FN:92,(anonymous_9)
FN:93,TestsByStabilityFilter
FN:99,(anonymous_11)
FN:110,(anonymous_12)
FN:113,(anonymous_13)
FN:122,(anonymous_14)
FN:133,(anonymous_15)
FN:139,(anonymous_16)
FN:146,(anonymous_17)
FN:157,(anonymous_18)
FNF:18
FNH:3
FNDA:1,(anonymous_1)
FNDA:0,TestBasicFilters
FNDA:0,(anonymous_3)
FNDA:0,(anonymous_4)
FNDA:1,(anonymous_5)
FNDA:0,TestsByAssetsFilter
FNDA:0,(anonymous_7)
FNDA:0,(anonymous_8)
FNDA:1,(anonymous_9)
FNDA:0,TestsByStabilityFilter
FNDA:0,(anonymous_11)
FNDA:0,(anonymous_12)
FNDA:0,(anonymous_13)
FNDA:0,(anonymous_14)
FNDA:0,(anonymous_15)
FNDA:0,(anonymous_16)
FNDA:0,(anonymous_17)
FNDA:0,(anonymous_18)
DA:2,1
DA:3,1
DA:4,1
DA:5,1
DA:6,1
DA:7,1
DA:8,1
DA:9,0
DA:10,0
DA:11,0
DA:13,1
DA:14,0
DA:15,0
DA:17,0
DA:19,0
DA:20,0
DA:22,0
DA:23,0
DA:25,0
DA:26,0
DA:28,0
DA:29,0
DA:31,0
DA:32,0
DA:34,0
DA:35,0
DA:37,0
DA:38,0
DA:39,0
DA:41,0
DA:42,0
DA:44,0
DA:45,0
DA:47,0
DA:48,0
DA:50,0
DA:51,0
DA:53,0
DA:54,0
DA:56,0
DA:57,0
DA:59,0
DA:63,1
DA:65,1
DA:66,1
DA:67,1
DA:68,0
DA:69,0
DA:70,0
DA:72,1
DA:73,0
DA:74,0
DA:76,0
DA:77,0
DA:78,0
DA:79,0
DA:80,0
DA:83,0
DA:89,1
DA:91,1
DA:92,1
DA:93,1
DA:94,0
DA:95,0
DA:96,0
DA:97,0
DA:99,1
DA:100,0
DA:101,0
DA:102,0
DA:103,0
DA:105,0
DA:106,0
DA:108,0
DA:109,0
DA:110,0
DA:111,0
DA:112,0
DA:113,0
DA:114,0
DA:115,0
DA:116,0
DA:118,0
DA:120,0
DA:122,1
DA:123,0
DA:124,0
DA:125,0
DA:127,0
DA:129,0
DA:130,0
DA:131,0
DA:133,1
DA:134,0
DA:135,0
DA:136,0
DA:139,1
DA:140,0
DA:141,0
DA:142,0
DA:143,0
DA:146,1
DA:147,0
DA:148,0
DA:149,0
DA:150,0
DA:152,0
DA:153,0
DA:154,0
DA:157,1
DA:158,0
DA:159,0
DA:160,0
DA:161,0
DA:163,0
DA:165,1
DA:167,1
LF:117
LH:25
BRDA:17,1,0,0
BRDA:17,1,1,0
BRDA:17,1,2,0
BRDA:17,1,3,0
BRDA:17,1,4,0
BRDA:17,1,5,0
BRDA:17,1,6,0
BRDA:17,1,7,0
BRDA:17,1,8,0
BRDA:17,1,9,0
BRDA:17,1,10,0
BRDA:17,1,11,0
BRDA:17,1,12,0
BRDA:17,1,13,0
BRDA:19,2,0,0
BRDA:19,2,1,0
BRDA:22,3,0,0
BRDA:22,3,1,0
BRDA:25,4,0,0
BRDA:25,4,1,0
BRDA:28,5,0,0
BRDA:28,5,1,0
BRDA:41,6,0,0
BRDA:41,6,1,0
BRDA:44,7,0,0
BRDA:44,7,1,0
BRDA:47,8,0,0
BRDA:47,8,1,0
BRDA:50,9,0,0
BRDA:50,9,1,0
BRDA:53,10,0,0
BRDA:53,10,1,0
BRDA:56,11,0,0
BRDA:56,11,1,0
BRDA:70,12,0,0
BRDA:70,12,1,0
BRDA:73,13,0,0
BRDA:73,13,1,0
BRDA:97,14,0,0
BRDA:97,14,1,0
BRDA:102,15,0,0
BRDA:102,15,1,0
BRDA:105,16,0,0
BRDA:105,16,1,0
BRDA:108,17,0,0
BRDA:108,17,1,0
BRDA:115,18,0,0
BRDA:115,18,1,0
BRDA:125,19,0,0
BRDA:125,19,1,0
BRDA:125,20,0,0
BRDA:125,20,1,0
BRDA:134,21,0,0
BRDA:134,21,1,0
BRDA:141,22,0,0
BRDA:141,22,1,0
BRDA:148,23,0,0
BRDA:148,23,1,0
BRDA:152,24,0,0
BRDA:152,24,1,0
BRDA:159,25,0,0
BRDA:159,25,1,0
BRF:62
BRH:0
end_of_record
TN:
SF:/opt/srf-test-manager/lib/database/filter-consts.js
FN:3,(anonymous_1)
FN:4,FilterConsts
FNF:2
FNH:1
FNDA:1,(anonymous_1)
FNDA:0,FilterConsts
DA:2,1
DA:3,1
DA:4,1
DA:6,1
DA:7,1
DA:8,1
DA:16,1
DA:24,1
DA:26,1
LF:9
LH:9
BRF:0
BRH:0
end_of_record
TN:
SF:/opt/srf-test-manager/lib/database/entity-filters.js
FN:2,(anonymous_1)
FN:4,(anonymous_2)
FN:5,(anonymous_3)
FN:6,(anonymous_4)
FN:8,__
FN:15,(anonymous_6)
FN:16,LikeFilter
FN:22,(anonymous_8)
FN:27,(anonymous_9)
FN:28,(anonymous_10)
FN:30,(anonymous_11)
FN:31,(anonymous_12)
FN:40,(anonymous_13)
FN:42,NameYacLikeSearchFilter
FN:62,(anonymous_15)
FN:64,NameYacCustomQuerySearchFilter
FN:72,(anonymous_17)
FN:74,YacCustomQuerySearchFilter
FN:82,(anonymous_19)
FN:84,NameCustomQuerySearchFilter
FN:93,(anonymous_21)
FN:94,StringSearchFilter
FN:97,(anonymous_23)
FN:103,(anonymous_24)
FN:104,NumberSearchFilter
FN:107,(anonymous_26)
FN:118,isNumeric
FNF:27
FNH:10
FNDA:1,(anonymous_1)
FNDA:0,(anonymous_2)
FNDA:0,(anonymous_3)
FNDA:4,(anonymous_4)
FNDA:4,__
FNDA:1,(anonymous_6)
FNDA:0,LikeFilter
FNDA:0,(anonymous_8)
FNDA:0,(anonymous_9)
FNDA:0,(anonymous_10)
FNDA:0,(anonymous_11)
FNDA:0,(anonymous_12)
FNDA:1,(anonymous_13)
FNDA:0,NameYacLikeSearchFilter
FNDA:1,(anonymous_15)
FNDA:0,NameYacCustomQuerySearchFilter
FNDA:1,(anonymous_17)
FNDA:0,YacCustomQuerySearchFilter
FNDA:1,(anonymous_19)
FNDA:0,NameCustomQuerySearchFilter
FNDA:1,(anonymous_21)
FNDA:0,StringSearchFilter
FNDA:0,(anonymous_23)
FNDA:1,(anonymous_24)
FNDA:0,NumberSearchFilter
FNDA:0,(anonymous_26)
FNDA:0,isNumeric
DA:2,1
DA:3,1
DA:4,0
DA:5,0
DA:6,1
DA:7,4
DA:8,4
DA:9,4
DA:12,1
DA:13,1
DA:14,1
DA:15,1
DA:16,1
DA:17,0
DA:18,0
DA:19,0
DA:20,0
DA:22,1
DA:23,0
DA:24,0
DA:27,1
DA:28,0
DA:29,0
DA:30,0
DA:31,0
DA:32,0
DA:37,1
DA:39,1
DA:40,1
DA:41,1
DA:42,1
DA:43,0
DA:44,0
DA:45,0
DA:47,1
DA:49,1
DA:62,1
DA:63,1
DA:64,1
DA:65,0
DA:66,0
DA:67,0
DA:69,1
DA:71,1
DA:72,1
DA:73,1
DA:74,1
DA:75,0
DA:76,0
DA:77,0
DA:79,1
DA:81,1
DA:82,1
DA:83,1
DA:84,1
DA:85,0
DA:86,0
DA:87,0
DA:89,1
DA:91,1
DA:93,1
DA:94,1
DA:95,0
DA:97,1
DA:98,0
DA:100,1
DA:102,1
DA:103,1
DA:104,1
DA:105,0
DA:107,1
DA:108,0
DA:109,0
DA:111,0
DA:112,0
DA:115,1
DA:117,1
DA:118,1
DA:119,0
LF:79
LH:46
BRDA:2,1,0,1
BRDA:2,1,1,1
BRDA:2,1,2,1
BRDA:3,2,0,1
BRDA:3,2,1,0
BRDA:3,2,2,0
BRDA:3,2,3,0
BRDA:5,3,0,0
BRDA:5,3,1,0
BRDA:9,4,0,0
BRDA:9,4,1,4
BRDA:17,5,0,0
BRDA:17,5,1,0
BRDA:23,6,0,0
BRDA:23,6,1,0
BRDA:43,7,0,0
BRDA:43,7,1,0
BRDA:65,8,0,0
BRDA:65,8,1,0
BRDA:75,9,0,0
BRDA:75,9,1,0
BRDA:85,10,0,0
BRDA:85,10,1,0
BRDA:108,11,0,0
BRDA:108,11,1,0
BRDA:108,12,0,0
BRDA:108,12,1,0
BRDA:111,13,0,0
BRDA:111,13,1,0
BRF:29
BRH:5
end_of_record
TN:
SF:/opt/srf-test-manager/lib/database/filter-utils.js
FN:4,(anonymous_1)
FN:5,FilterUtils
FN:7,(anonymous_3)
FN:12,(anonymous_4)
FN:14,(anonymous_5)
FNF:5
FNH:1
FNDA:1,(anonymous_1)
FNDA:0,FilterUtils
FNDA:0,(anonymous_3)
FNDA:0,(anonymous_4)
FNDA:0,(anonymous_5)
DA:2,1
DA:3,1
DA:4,1
DA:5,1
DA:7,1
DA:8,0
DA:9,0
DA:10,0
DA:12,1
DA:13,0
DA:14,0
DA:15,0
DA:18,1
DA:20,1
LF:14
LH:8
BRDA:13,1,0,0
BRDA:13,1,1,0
BRDA:13,2,0,0
BRDA:13,2,1,0
BRDA:14,3,0,0
BRDA:14,3,1,0
BRF:6
BRH:0
end_of_record
TN:
SF:/opt/srf-test-manager/lib/database/tag-filters.js
FN:5,(anonymous_1)
FN:6,TagBasicFilters
FN:11,(anonymous_3)
FN:16,(anonymous_4)
FN:41,(anonymous_5)
FN:42,TagsToExcludeFromTag2EntFilter
FN:49,(anonymous_7)
FN:60,(anonymous_8)
FN:61,TagsByEntityIdsFilter
FN:68,(anonymous_10)
FN:77,(anonymous_11)
FN:88,(anonymous_12)
FN:89,Tag2EntitiesByEntityIdsFilter
FN:96,(anonymous_14)
FN:107,(anonymous_15)
FN:108,EntitiesByTagsFilter
FN:118,(anonymous_17)
FN:123,(anonymous_18)
FN:129,(anonymous_19)
FN:130,(anonymous_20)
FN:131,(anonymous_21)
FN:140,(anonymous_22)
FN:145,(anonymous_23)
FN:156,(anonymous_24)
FN:157,Tag2EntitiesByTagsFilter
FN:165,(anonymous_26)
FN:174,(anonymous_27)
FN:175,Tag2EntFilterByTagGroup
FN:182,(anonymous_29)
FN:192,(anonymous_30)
FNF:30
FNH:7
FNDA:1,(anonymous_1)
FNDA:0,TagBasicFilters
FNDA:0,(anonymous_3)
FNDA:0,(anonymous_4)
FNDA:1,(anonymous_5)
FNDA:0,TagsToExcludeFromTag2EntFilter
FNDA:0,(anonymous_7)
FNDA:1,(anonymous_8)
FNDA:0,TagsByEntityIdsFilter
FNDA:0,(anonymous_10)
FNDA:0,(anonymous_11)
FNDA:1,(anonymous_12)
FNDA:0,Tag2EntitiesByEntityIdsFilter
FNDA:0,(anonymous_14)
FNDA:1,(anonymous_15)
FNDA:0,EntitiesByTagsFilter
FNDA:0,(anonymous_17)
FNDA:0,(anonymous_18)
FNDA:0,(anonymous_19)
FNDA:0,(anonymous_20)
FNDA:0,(anonymous_21)
FNDA:0,(anonymous_22)
FNDA:0,(anonymous_23)
FNDA:1,(anonymous_24)
FNDA:0,Tag2EntitiesByTagsFilter
FNDA:0,(anonymous_26)
FNDA:1,(anonymous_27)
FNDA:0,Tag2EntFilterByTagGroup
FNDA:0,(anonymous_29)
FNDA:0,(anonymous_30)
DA:2,1
DA:3,1
DA:4,1
DA:5,1
DA:6,1
DA:7,0
DA:8,0
DA:9,0
DA:11,1
DA:12,0
DA:13,0
DA:14,0
DA:15,0
DA:16,0
DA:18,0
DA:19,0
DA:21,0
DA:22,0
DA:24,0
DA:25,0
DA:27,0
DA:28,0
DA:29,0
DA:31,0
DA:32,0
DA:34,0
DA:38,1
DA:40,1
DA:41,1
DA:42,1
DA:43,0
DA:44,0
DA:45,0
DA:46,0
DA:47,0
DA:49,1
DA:50,0
DA:51,0
DA:52,0
DA:53,0
DA:55,0
DA:57,1
DA:59,1
DA:60,1
DA:61,1
DA:62,0
DA:63,0
DA:64,0
DA:65,0
DA:66,0
DA:68,1
DA:69,0
DA:70,0
DA:71,0
DA:72,0
DA:74,0
DA:75,0
DA:76,0
DA:77,0
DA:80,0
DA:85,1
DA:87,1
DA:88,1
DA:89,1
DA:90,0
DA:91,0
DA:92,0
DA:93,0
DA:94,0
DA:96,1
DA:97,0
DA:98,0
DA:99,0
DA:100,0
DA:102,0
DA:104,1
DA:106,1
DA:107,1
DA:108,1
DA:109,0
DA:110,0
DA:111,0
DA:112,0
DA:113,0
DA:115,0
DA:117,0
DA:118,0
DA:119,0
DA:123,1
DA:124,0
DA:125,0
DA:126,0
DA:130,0
DA:131,0
DA:132,0
DA:133,0
DA:134,0
DA:140,1
DA:141,0
DA:142,0
DA:144,0
DA:145,0
DA:148,0
DA:149,0
DA:150,0
DA:153,1
DA:155,1
DA:156,1
DA:157,1
DA:158,0
DA:159,0
DA:160,0
DA:161,0
DA:162,0
DA:165,1
DA:166,0
DA:167,0
DA:169,0
DA:171,1
DA:173,1
DA:174,1
DA:175,1
DA:176,0
DA:177,0
DA:178,0
DA:179,0
DA:180,0
DA:182,1
DA:183,0
DA:184,0
DA:185,0
DA:186,0
DA:188,0
DA:189,0
DA:190,0
DA:191,0
DA:193,0
DA:197,1
DA:199,1
LF:139
LH:39
BRDA:19,1,0,0
BRDA:19,1,1,0
BRDA:19,1,2,0
BRDA:19,1,3,0
BRDA:19,1,4,0
BRDA:21,2,0,0
BRDA:21,2,1,0
BRDA:24,3,0,0
BRDA:24,3,1,0
BRDA:27,4,0,0
BRDA:27,4,1,0
BRDA:31,5,0,0
BRDA:31,5,1,0
BRDA:46,6,0,0
BRDA:46,6,1,0
BRDA:47,7,0,0
BRDA:47,7,1,0
BRDA:51,8,0,0
BRDA:51,8,1,0
BRDA:52,9,0,0
BRDA:52,9,1,0
BRDA:65,10,0,0
BRDA:65,10,1,0
BRDA:66,11,0,0
BRDA:66,11,1,0
BRDA:70,12,0,0
BRDA:70,12,1,0
BRDA:71,13,0,0
BRDA:71,13,1,0
BRDA:93,14,0,0
BRDA:93,14,1,0
BRDA:94,15,0,0
BRDA:94,15,1,0
BRDA:98,16,0,0
BRDA:98,16,1,0
BRDA:99,17,0,0
BRDA:99,17,1,0
BRDA:113,18,0,0
BRDA:113,18,1,0
BRDA:113,19,0,0
BRDA:113,19,1,0
BRDA:113,19,2,0
BRDA:117,20,0,0
BRDA:117,20,1,0
BRDA:119,21,0,0
BRDA:119,21,1,0
BRDA:133,22,0,0
BRDA:133,22,1,0
BRDA:141,23,0,0
BRDA:141,23,1,0
BRDA:149,24,0,0
BRDA:149,24,1,0
BRDA:161,25,0,0
BRDA:161,25,1,0
BRDA:162,26,0,0
BRDA:162,26,1,0
BRDA:166,27,0,0
BRDA:166,27,1,0
BRDA:179,28,0,0
BRDA:179,28,1,0
BRDA:180,29,0,0
BRDA:180,29,1,0
BRDA:184,30,0,0
BRDA:184,30,1,0
BRDA:185,31,0,0
BRDA:185,31,1,0
BRF:66
BRH:0
end_of_record
TN:
SF:/opt/srf-test-manager/lib/logic/tests-organizer.js
FN:7,(anonymous_1)
FN:8,TestsOrganizer
FN:15,(anonymous_3)
FN:19,(anonymous_4)
FN:24,(anonymous_5)
FNF:5
FNH:1
FNDA:1,(anonymous_1)
FNDA:0,TestsOrganizer
FNDA:0,(anonymous_3)
FNDA:0,(anonymous_4)
FNDA:0,(anonymous_5)
DA:2,1
DA:3,1
DA:4,1
DA:5,1
DA:6,1
DA:7,1
DA:8,1
DA:9,0
DA:10,0
DA:11,0
DA:12,0
DA:13,0
DA:15,1
DA:16,0
DA:19,1
DA:21,0
DA:22,0
DA:23,0
DA:24,0
DA:25,0
DA:26,0
DA:27,0
DA:30,0
DA:31,0
DA:33,1
DA:35,1
LF:26
LH:11
BRDA:22,1,0,0
BRDA:22,1,1,0
BRDA:23,2,0,0
BRDA:23,2,1,0
BRDA:25,3,0,0
BRDA:25,3,1,0
BRDA:30,4,0,0
BRDA:30,4,1,0
BRF:8
BRH:0
end_of_record
TN:
SF:/opt/srf-test-manager/lib/database/tests-extenders.js
FN:8,(anonymous_1)
FN:9,TagsForTests
FN:13,(anonymous_3)
FN:17,(anonymous_4)
FN:22,(anonymous_5)
FN:23,(anonymous_6)
FN:26,(anonymous_7)
FN:28,(anonymous_8)
FN:36,(anonymous_9)
FN:39,(anonymous_10)
FN:40,(anonymous_11)
FN:57,(anonymous_12)
FN:58,AssetsForTestsExtender
FN:66,(anonymous_14)
FN:68,(anonymous_15)
FN:72,(anonymous_16)
FN:72,(anonymous_17)
FN:81,(anonymous_18)
FN:82,ScriptsCountExtender
FN:86,(anonymous_20)
FN:88,(anonymous_21)
FN:99,(anonymous_22)
FN:101,(anonymous_23)
FN:108,(anonymous_24)
FN:110,(anonymous_25)
FN:111,(anonymous_26)
FN:123,(anonymous_27)
FN:124,ScriptInstanceForTestExtender
FN:132,(anonymous_29)
FN:134,(anonymous_30)
FN:135,(anonymous_31)
FN:135,(anonymous_32)
FN:141,(anonymous_33)
FN:142,(anonymous_34)
FN:143,(anonymous_35)
FN:144,(anonymous_36)
FN:156,(anonymous_37)
FN:157,UserResolverExtender
FN:163,(anonymous_39)
FN:165,(anonymous_40)
FN:169,(anonymous_41)
FN:173,(anonymous_42)
FN:177,(anonymous_43)
FN:178,(anonymous_44)
FN:195,(anonymous_45)
FNF:45
FNH:5
FNDA:1,(anonymous_1)
FNDA:0,TagsForTests
FNDA:0,(anonymous_3)
FNDA:0,(anonymous_4)
FNDA:0,(anonymous_5)
FNDA:0,(anonymous_6)
FNDA:0,(anonymous_7)
FNDA:0,(anonymous_8)
FNDA:0,(anonymous_9)
FNDA:0,(anonymous_10)
FNDA:0,(anonymous_11)
FNDA:1,(anonymous_12)
FNDA:0,AssetsForTestsExtender
FNDA:0,(anonymous_14)
FNDA:0,(anonymous_15)
FNDA:0,(anonymous_16)
FNDA:0,(anonymous_17)
FNDA:1,(anonymous_18)
FNDA:0,ScriptsCountExtender
FNDA:0,(anonymous_20)
FNDA:0,(anonymous_21)
FNDA:0,(anonymous_22)
FNDA:0,(anonymous_23)
FNDA:0,(anonymous_24)
FNDA:0,(anonymous_25)
FNDA:0,(anonymous_26)
FNDA:1,(anonymous_27)
FNDA:0,ScriptInstanceForTestExtender
FNDA:0,(anonymous_29)
FNDA:0,(anonymous_30)
FNDA:0,(anonymous_31)
FNDA:0,(anonymous_32)
FNDA:0,(anonymous_33)
FNDA:0,(anonymous_34)
FNDA:0,(anonymous_35)
FNDA:0,(anonymous_36)
FNDA:1,(anonymous_37)
FNDA:0,UserResolverExtender
FNDA:0,(anonymous_39)
FNDA:0,(anonymous_40)
FNDA:0,(anonymous_41)
FNDA:0,(anonymous_42)
FNDA:0,(anonymous_43)
FNDA:0,(anonymous_44)
FNDA:0,(anonymous_45)
DA:2,1
DA:3,1
DA:4,1
DA:5,1
DA:6,1
DA:7,1
DA:8,1
DA:9,1
DA:10,0
DA:11,0
DA:13,1
DA:14,0
DA:15,0
DA:16,0
DA:17,0
DA:18,0
DA:19,0
DA:21,0
DA:22,0
DA:23,0
DA:26,0
DA:28,0
DA:29,0
DA:31,0
DA:33,0
DA:36,1
DA:37,0
DA:38,0
DA:39,0
DA:40,0
DA:41,0
DA:42,0
DA:43,0
DA:45,0
DA:46,0
DA:52,0
DA:54,1
DA:56,1
DA:57,1
DA:58,1
DA:59,0
DA:60,0
DA:61,0
DA:62,0
DA:63,0
DA:64,0
DA:66,1
DA:67,0
DA:68,0
DA:69,0
DA:70,0
DA:72,0
DA:73,0
DA:74,0
DA:78,1
DA:80,1
DA:81,1
DA:82,1
DA:83,0
DA:84,0
DA:86,1
DA:87,0
DA:88,0
DA:89,0
DA:90,0
DA:91,0
DA:92,0
DA:94,0
DA:99,0
DA:101,0
DA:102,0
DA:104,0
DA:106,0
DA:108,1
DA:109,0
DA:110,0
DA:111,0
DA:112,0
DA:113,0
DA:114,0
DA:116,0
DA:118,0
DA:120,1
DA:122,1
DA:123,1
DA:124,1
DA:125,0
DA:126,0
DA:127,0
DA:128,0
DA:129,0
DA:130,0
DA:132,1
DA:133,0
DA:134,0
DA:135,0
DA:136,0
DA:139,0
DA:141,1
DA:142,0
DA:143,0
DA:144,0
DA:145,0
DA:146,0
DA:147,0
DA:149,0
DA:151,0
DA:153,1
DA:155,1
DA:156,1
DA:157,1
DA:158,0
DA:159,0
DA:160,0
DA:161,0
DA:163,1
DA:164,0
DA:165,0
DA:166,0
DA:167,0
DA:169,0
DA:170,0
DA:171,0
DA:173,0
DA:174,0
DA:176,0
DA:177,0
DA:178,0
DA:179,0
DA:180,0
DA:181,0
DA:182,0
DA:185,0
DA:187,0
DA:188,0
DA:191,0
DA:193,0
DA:195,0
DA:196,0
DA:197,0
DA:198,0
DA:201,0
DA:203,0
DA:209,1
DA:211,1
LF:145
LH:34
BRDA:18,1,0,0
BRDA:18,1,1,0
BRDA:42,2,0,0
BRDA:42,2,1,0
BRDA:45,3,0,0
BRDA:45,3,1,0
BRDA:48,4,0,0
BRDA:48,4,1,0
BRDA:69,5,0,0
BRDA:69,5,1,0
BRDA:91,6,0,0
BRDA:91,6,1,0
BRDA:113,7,0,0
BRDA:113,7,1,0
BRDA:142,8,0,0
BRDA:142,8,1,0
BRDA:146,9,0,0
BRDA:146,9,1,0
BRDA:166,10,0,0
BRDA:166,10,1,0
BRDA:166,11,0,0
BRDA:166,11,1,0
BRDA:181,12,0,0
BRDA:181,12,1,0
BRDA:187,13,0,0
BRDA:187,13,1,0
BRDA:197,14,0,0
BRDA:197,14,1,0
BRF:28
BRH:0
end_of_record
TN:
SF:/opt/srf-test-manager/lib/logic/script-instances-accessor.js
FN:14,(anonymous_1)
FN:15,ScriptInstancesAccessor
FN:22,(anonymous_3)
FN:37,(anonymous_4)
FN:44,(anonymous_5)
FN:57,(anonymous_6)
FN:58,(anonymous_7)
FN:62,(anonymous_8)
FN:64,(anonymous_9)
FN:72,(anonymous_10)
FN:74,(anonymous_11)
FN:81,(anonymous_12)
FN:85,(anonymous_13)
FN:87,(anonymous_14)
FN:88,(anonymous_15)
FN:121,(anonymous_16)
FN:127,(anonymous_17)
FN:132,(anonymous_18)
FN:136,(anonymous_19)
FN:157,(anonymous_20)
FN:161,(anonymous_21)
FN:165,(anonymous_22)
FN:172,(anonymous_23)
FN:173,ScriptInstanceTranslator
FN:174,(anonymous_25)
FN:178,(anonymous_26)
FNF:26
FNH:2
FNDA:1,(anonymous_1)
FNDA:0,ScriptInstancesAccessor
FNDA:0,(anonymous_3)
FNDA:0,(anonymous_4)
FNDA:0,(anonymous_5)
FNDA:0,(anonymous_6)
FNDA:0,(anonymous_7)
FNDA:0,(anonymous_8)
FNDA:0,(anonymous_9)
FNDA:0,(anonymous_10)
FNDA:0,(anonymous_11)
FNDA:0,(anonymous_12)
FNDA:0,(anonymous_13)
FNDA:0,(anonymous_14)
FNDA:0,(anonymous_15)
FNDA:0,(anonymous_16)
FNDA:0,(anonymous_17)
FNDA:0,(anonymous_18)
FNDA:0,(anonymous_19)
FNDA:0,(anonymous_20)
FNDA:0,(anonymous_21)
FNDA:0,(anonymous_22)
FNDA:1,(anonymous_23)
FNDA:0,ScriptInstanceTranslator
FNDA:0,(anonymous_25)
FNDA:0,(anonymous_26)
DA:2,1
DA:3,1
DA:4,1
DA:5,1
DA:6,1
DA:7,1
DA:8,1
DA:9,1
DA:10,1
DA:11,1
DA:12,1
DA:13,1
DA:14,1
DA:15,1
DA:16,0
DA:17,0
DA:18,0
DA:19,0
DA:20,0
DA:22,1
DA:23,0
DA:24,0
DA:25,0
DA:28,0
DA:29,0
DA:30,0
DA:37,1
DA:38,0
DA:39,0
DA:40,0
DA:41,0
DA:42,0
DA:43,0
DA:44,0
DA:45,0
DA:46,0
DA:47,0
DA:49,0
DA:51,0
DA:52,0
DA:53,0
DA:56,0
DA:57,0
DA:58,0
DA:59,0
DA:60,0
DA:61,0
DA:62,0
DA:63,0
DA:64,0
DA:65,0
DA:66,0
DA:67,0
DA:68,0
DA:69,0
DA:72,0
DA:73,0
DA:74,0
DA:75,0
DA:77,0
DA:80,0
DA:81,0
DA:82,0
DA:87,0
DA:88,0
DA:89,0
DA:90,0
DA:91,0
DA:93,0
DA:121,1
DA:122,0
DA:123,0
DA:124,0
DA:125,0
DA:127,1
DA:128,0
DA:129,0
DA:130,0
DA:131,0
DA:132,0
DA:134,0
DA:135,0
DA:136,0
DA:137,0
DA:138,0
DA:139,0
DA:140,0
DA:141,0
DA:143,0
DA:144,0
DA:145,0
DA:147,0
DA:150,0
DA:151,0
DA:154,0
DA:157,1
DA:159,0
DA:160,0
DA:161,0
DA:162,0
DA:163,0
DA:164,0
DA:165,0
DA:166,0
DA:167,0
DA:169,1
DA:171,1
DA:172,1
DA:173,1
DA:174,0
DA:175,0
DA:176,0
DA:178,1
DA:179,0
DA:180,0
DA:188,0
DA:190,1
DA:192,1
LF:118
LH:26
BRDA:45,1,0,0
BRDA:45,1,1,0
BRDA:51,2,0,0
BRDA:51,2,1,0
BRDA:68,3,0,0
BRDA:68,3,1,0
BRDA:75,4,0,0
BRDA:75,4,1,0
BRDA:90,5,0,0
BRDA:90,5,1,0
BRDA:141,6,0,0
BRDA:141,6,1,0
BRDA:147,7,0,0
BRDA:147,7,1,0
BRDA:174,8,0,0
BRDA:174,8,1,0
BRF:16
BRH:0
end_of_record
TN:
SF:/opt/srf-test-manager/lib/database/script-instance-filters.js
FN:5,(anonymous_1)
FN:6,ScriptInstanceBasicFilters
FN:11,(anonymous_3)
FN:13,(anonymous_4)
FNF:4
FNH:1
FNDA:1,(anonymous_1)
FNDA:0,ScriptInstanceBasicFilters
FNDA:0,(anonymous_3)
FNDA:0,(anonymous_4)
DA:2,1
DA:3,1
DA:4,1
DA:5,1
DA:6,1
DA:7,0
DA:8,0
DA:9,0
DA:11,1
DA:12,0
DA:13,0
DA:15,0
DA:17,0
DA:18,0
DA:21,0
DA:22,0
DA:25,0
DA:26,0
DA:29,0
DA:30,0
DA:33,0
DA:34,0
DA:36,0
DA:40,1
DA:42,1
LF:25
LH:8
BRDA:15,1,0,0
BRDA:15,1,1,0
BRDA:15,1,2,0
BRDA:15,1,3,0
BRDA:15,1,4,0
BRDA:15,1,5,0
BRDA:15,1,6,0
BRDA:15,1,7,0
BRDA:15,1,8,0
BRDA:15,1,9,0
BRDA:17,2,0,0
BRDA:17,2,1,0
BRDA:21,3,0,0
BRDA:21,3,1,0
BRDA:25,4,0,0
BRDA:25,4,1,0
BRF:16
BRH:0
end_of_record
TN:
SF:/opt/srf-test-manager/lib/database/script-instance-extenders.js
FN:6,(anonymous_1)
FN:7,ParamsForScriptInstanceExtender
FN:11,(anonymous_3)
FN:18,(anonymous_4)
FN:23,(anonymous_5)
FN:24,(anonymous_6)
FN:25,(anonymous_7)
FN:27,(anonymous_8)
FN:30,(anonymous_9)
FN:36,(anonymous_10)
FN:42,(anonymous_11)
FN:45,(anonymous_12)
FN:48,(anonymous_13)
FN:56,(anonymous_14)
FN:58,(anonymous_15)
FN:63,(anonymous_16)
FNF:16
FNH:1
FNDA:1,(anonymous_1)
FNDA:0,ParamsForScriptInstanceExtender
FNDA:0,(anonymous_3)
FNDA:0,(anonymous_4)
FNDA:0,(anonymous_5)
FNDA:0,(anonymous_6)
FNDA:0,(anonymous_7)
FNDA:0,(anonymous_8)
FNDA:0,(anonymous_9)
FNDA:0,(anonymous_10)
FNDA:0,(anonymous_11)
FNDA:0,(anonymous_12)
FNDA:0,(anonymous_13)
FNDA:0,(anonymous_14)
FNDA:0,(anonymous_15)
FNDA:0,(anonymous_16)
DA:2,1
DA:3,1
DA:4,1
DA:5,1
DA:6,1
DA:7,1
DA:8,0
DA:9,0
DA:11,1
DA:12,0
DA:13,0
DA:14,0
DA:15,0
DA:16,0
DA:17,0
DA:18,0
DA:19,0
DA:20,0
DA:22,0
DA:23,0
DA:24,0
DA:25,0
DA:26,0
DA:27,0
DA:28,0
DA:30,0
DA:31,0
DA:32,0
DA:33,0
DA:34,0
DA:35,0
DA:36,0
DA:37,0
DA:39,0
DA:41,0
DA:42,0
DA:44,0
DA:45,0
DA:46,0
DA:48,0
DA:49,0
DA:51,0
DA:53,0
DA:54,0
DA:56,1
DA:57,0
DA:58,0
DA:59,0
DA:60,0
DA:61,0
DA:62,0
DA:63,0
DA:64,0
DA:65,0
DA:66,0
DA:67,0
DA:69,0
DA:70,0
DA:71,0
DA:72,0
DA:73,0
DA:74,0
DA:75,0
DA:76,0
DA:77,0
DA:78,0
DA:87,0
DA:89,0
DA:91,1
DA:93,1
LF:70
LH:10
BRDA:19,1,0,0
BRDA:19,1,1,0
BRDA:34,2,0,0
BRDA:34,2,1,0
BRDA:41,3,0,0
BRDA:41,3,1,0
BRDA:66,4,0,0
BRDA:66,4,1,0
BRDA:75,5,0,0
BRDA:75,5,1,0
BRDA:77,6,0,0
BRDA:77,6,1,0
BRDA:83,7,0,0
BRDA:83,7,1,0
BRF:14
BRH:0
end_of_record
TN:
SF:/opt/srf-test-manager/lib/logic/entity-accessor-utils.js
FN:4,(anonymous_1)
FN:5,EntityAccessorUtils
FN:7,(anonymous_3)
FN:8,(anonymous_4)
FNF:4
FNH:1
FNDA:1,(anonymous_1)
FNDA:0,EntityAccessorUtils
FNDA:0,(anonymous_3)
FNDA:0,(anonymous_4)
DA:2,1
DA:3,1
DA:4,1
DA:5,1
DA:7,1
DA:8,0
DA:9,0
DA:10,0
DA:11,0
DA:13,0
DA:15,0
DA:16,0
DA:18,1
DA:20,1
LF:14
LH:7
BRDA:10,1,0,0
BRDA:10,1,1,0
BRF:2
BRH:0
end_of_record
TN:
SF:/opt/srf-test-manager/lib/database/script-instance-extractor.js
FN:6,(anonymous_1)
FN:7,ScriptInstanceExtractor
FN:11,(anonymous_3)
FN:17,(anonymous_4)
FN:18,(anonymous_5)
FNF:5
FNH:1
FNDA:1,(anonymous_1)
FNDA:0,ScriptInstanceExtractor
FNDA:0,(anonymous_3)
FNDA:0,(anonymous_4)
FNDA:0,(anonymous_5)
DA:2,1
DA:3,1
DA:4,1
DA:5,1
DA:6,1
DA:7,1
DA:8,0
DA:9,0
DA:11,1
DA:12,0
DA:13,0
DA:14,0
DA:15,0
DA:16,0
DA:17,0
DA:18,0
DA:19,0
DA:20,0
DA:21,0
DA:22,0
DA:23,0
DA:26,0
DA:27,0
DA:28,0
DA:30,0
DA:31,0
DA:32,0
DA:33,0
DA:36,0
DA:38,1
DA:40,1
LF:31
LH:9
BRDA:20,1,0,0
BRDA:20,1,1,0
BRF:2
BRH:0
end_of_record
TN:
SF:/opt/srf-test-manager/lib/database/script-instance-params-persister.js
FN:9,(anonymous_1)
FN:10,ParamsForScriptInstancesPersister
FN:14,(anonymous_3)
FN:21,(anonymous_4)
FN:22,(anonymous_5)
FN:24,(anonymous_6)
FN:26,(anonymous_7)
FN:27,(anonymous_8)
FN:31,(anonymous_9)
FN:39,(anonymous_10)
FN:42,(anonymous_11)
FN:43,(anonymous_12)
FN:48,(anonymous_13)
FN:49,(anonymous_14)
FN:50,(anonymous_15)
FN:58,(anonymous_16)
FN:60,(anonymous_17)
FN:72,(anonymous_18)
FN:74,(anonymous_19)
FN:76,(anonymous_20)
FNF:20
FNH:1
FNDA:1,(anonymous_1)
FNDA:0,ParamsForScriptInstancesPersister
FNDA:0,(anonymous_3)
FNDA:0,(anonymous_4)
FNDA:0,(anonymous_5)
FNDA:0,(anonymous_6)
FNDA:0,(anonymous_7)
FNDA:0,(anonymous_8)
FNDA:0,(anonymous_9)
FNDA:0,(anonymous_10)
FNDA:0,(anonymous_11)
FNDA:0,(anonymous_12)
FNDA:0,(anonymous_13)
FNDA:0,(anonymous_14)
FNDA:0,(anonymous_15)
FNDA:0,(anonymous_16)
FNDA:0,(anonymous_17)
FNDA:0,(anonymous_18)
FNDA:0,(anonymous_19)
FNDA:0,(anonymous_20)
DA:2,1
DA:3,1
DA:4,1
DA:5,1
DA:6,1
DA:7,1
DA:8,1
DA:9,1
DA:10,1
DA:11,0
DA:12,0
DA:14,1
DA:15,0
DA:16,0
DA:17,0
DA:18,0
DA:19,0
DA:20,0
DA:21,0
DA:22,0
DA:23,0
DA:24,0
DA:25,0
DA:26,0
DA:27,0
DA:28,0
DA:29,0
DA:31,0
DA:32,0
DA:33,0
DA:34,0
DA:38,0
DA:40,0
DA:41,0
DA:42,0
DA:43,0
DA:44,0
DA:47,0
DA:48,0
DA:49,0
DA:50,0
DA:51,0
DA:55,0
DA:58,1
DA:59,0
DA:60,0
DA:61,0
DA:62,0
DA:63,0
DA:65,0
DA:66,0
DA:68,0
DA:69,0
DA:72,1
DA:74,0
DA:75,0
DA:76,0
DA:77,0
DA:78,0
DA:79,0
DA:82,1
DA:84,1
LF:62
LH:14
BRDA:28,1,0,0
BRDA:28,1,1,0
BRDA:63,2,0,0
BRDA:63,2,1,0
BRDA:66,3,0,0
BRDA:66,3,1,0
BRDA:77,4,0,0
BRDA:77,4,1,0
BRF:8
BRH:0
end_of_record
TN:
SF:/opt/srf-test-manager/lib/database/script-instance-params-extractor.js
FN:5,(anonymous_1)
FN:6,ScriptInstanceParamsExtractor
FN:10,(anonymous_3)
FN:16,(anonymous_4)
FN:17,(anonymous_5)
FN:18,(anonymous_6)
FNF:6
FNH:1
FNDA:1,(anonymous_1)
FNDA:0,ScriptInstanceParamsExtractor
FNDA:0,(anonymous_3)
FNDA:0,(anonymous_4)
FNDA:0,(anonymous_5)
FNDA:0,(anonymous_6)
DA:2,1
DA:3,1
DA:4,1
DA:5,1
DA:6,1
DA:7,0
DA:8,0
DA:10,1
DA:11,0
DA:12,0
DA:13,0
DA:14,0
DA:15,0
DA:16,0
DA:17,0
DA:18,0
DA:19,0
DA:20,0
DA:21,0
DA:22,0
DA:26,0
DA:28,1
DA:30,1
LF:23
LH:8
BRF:0
BRH:0
end_of_record
TN:
SF:/opt/srf-test-manager/lib/logic/si-params-organizer.js
FN:6,(anonymous_1)
FN:7,SiParamsModificationMode
FN:9,(anonymous_3)
FN:10,(anonymous_4)
FN:18,(anonymous_5)
FN:19,(anonymous_6)
FN:26,(anonymous_7)
FN:33,(anonymous_8)
FN:34,SiParamsOrganizer
FN:42,(anonymous_10)
FN:46,(anonymous_11)
FN:50,(anonymous_12)
FN:55,(anonymous_13)
FNF:13
FNH:2
FNDA:1,(anonymous_1)
FNDA:0,SiParamsModificationMode
FNDA:0,(anonymous_3)
FNDA:0,(anonymous_4)
FNDA:0,(anonymous_5)
FNDA:0,(anonymous_6)
FNDA:0,(anonymous_7)
FNDA:1,(anonymous_8)
FNDA:0,SiParamsOrganizer
FNDA:0,(anonymous_10)
FNDA:0,(anonymous_11)
FNDA:0,(anonymous_12)
FNDA:0,(anonymous_13)
DA:2,1
DA:3,1
DA:4,1
DA:5,1
DA:6,1
DA:7,1
DA:9,1
DA:10,0
DA:11,0
DA:13,0
DA:14,0
DA:18,1
DA:19,0
DA:20,0
DA:21,0
DA:22,0
DA:26,1
DA:27,0
DA:28,0
DA:30,1
DA:32,1
DA:33,1
DA:34,1
DA:35,0
DA:36,0
DA:37,0
DA:38,0
DA:39,0
DA:40,0
DA:42,1
DA:43,0
DA:46,1
DA:47,0
DA:50,0
DA:51,0
DA:52,0
DA:53,0
DA:54,0
DA:55,0
DA:56,0
DA:57,0
DA:61,1
DA:63,1
LF:43
LH:17
BRDA:11,1,0,0
BRDA:11,1,1,0
BRDA:11,2,0,0
BRDA:11,2,1,0
BRDA:20,3,0,0
BRDA:20,3,1,0
BRDA:27,4,0,0
BRDA:27,4,1,0
BRDA:52,5,0,0
BRDA:52,5,1,0
BRDA:56,6,0,0
BRDA:56,6,1,0
BRF:12
BRH:0
end_of_record
TN:
SF:/opt/srf-test-manager/lib/logic/assets-accessor.js
FN:17,(anonymous_1)
FN:18,AssetsAccessor
FN:24,(anonymous_3)
FN:45,(anonymous_4)
FN:49,(anonymous_5)
FN:57,(anonymous_6)
FN:62,(anonymous_7)
FN:80,(anonymous_8)
FN:82,(anonymous_9)
FN:86,(anonymous_10)
FN:94,(anonymous_11)
FN:95,(anonymous_12)
FN:97,(anonymous_13)
FN:102,(anonymous_14)
FN:116,(anonymous_15)
FNF:15
FNH:1
FNDA:1,(anonymous_1)
FNDA:0,AssetsAccessor
FNDA:0,(anonymous_3)
FNDA:0,(anonymous_4)
FNDA:0,(anonymous_5)
FNDA:0,(anonymous_6)
FNDA:0,(anonymous_7)
FNDA:0,(anonymous_8)
FNDA:0,(anonymous_9)
FNDA:0,(anonymous_10)
FNDA:0,(anonymous_11)
FNDA:0,(anonymous_12)
FNDA:0,(anonymous_13)
FNDA:0,(anonymous_14)
FNDA:0,(anonymous_15)
DA:2,1
DA:3,1
DA:4,1
DA:5,1
DA:6,1
DA:7,1
DA:8,1
DA:9,1
DA:10,1
DA:11,1
DA:12,1
DA:13,1
DA:14,1
DA:15,1
DA:16,1
DA:17,1
DA:18,1
DA:19,0
DA:20,0
DA:21,0
DA:22,0
DA:24,1
DA:25,0
DA:30,0
DA:31,0
DA:38,0
DA:45,1
DA:46,0
DA:47,0
DA:48,0
DA:49,0
DA:50,0
DA:51,0
DA:52,0
DA:55,0
DA:58,0
DA:59,0
DA:62,1
DA:63,0
DA:64,0
DA:65,0
DA:66,0
DA:67,0
DA:70,0
DA:73,0
DA:81,0
DA:82,0
DA:83,0
DA:86,1
DA:87,0
DA:88,0
DA:94,0
DA:95,0
DA:96,0
DA:98,0
DA:99,0
DA:102,1
DA:103,0
DA:104,0
DA:105,0
DA:106,0
DA:110,0
DA:111,0
DA:117,0
DA:118,0
DA:121,1
DA:123,1
LF:67
LH:24
BRDA:50,1,0,0
BRDA:50,1,1,0
BRF:2
BRH:0
end_of_record
TN:
SF:/opt/srf-test-manager/lib/database/asset-filters.js
FN:5,(anonymous_1)
FN:6,AssetBasicFilters
FN:11,(anonymous_3)
FN:13,(anonymous_4)
FN:73,(anonymous_5)
FN:74,AssetsByTestsFilter
FN:82,(anonymous_7)
FN:92,(anonymous_8)
FNF:8
FNH:2
FNDA:1,(anonymous_1)
FNDA:0,AssetBasicFilters
FNDA:0,(anonymous_3)
FNDA:0,(anonymous_4)
FNDA:1,(anonymous_5)
FNDA:0,AssetsByTestsFilter
FNDA:0,(anonymous_7)
FNDA:0,(anonymous_8)
DA:2,1
DA:3,1
DA:4,1
DA:5,1
DA:6,1
DA:7,0
DA:8,0
DA:9,0
DA:11,1
DA:12,0
DA:13,0
DA:15,0
DA:17,0
DA:18,0
DA:20,0
DA:21,0
DA:23,0
DA:24,0
DA:25,0
DA:27,0
DA:28,0
DA:30,0
DA:31,0
DA:33,0
DA:34,0
DA:36,0
DA:37,0
DA:39,0
DA:40,0
DA:42,0
DA:43,0
DA:45,0
DA:46,0
DA:49,0
DA:50,0
DA:53,0
DA:54,0
DA:56,0
DA:57,0
DA:59,0
DA:60,0
DA:62,0
DA:64,0
DA:66,0
DA:70,1
DA:72,1
DA:73,1
DA:74,1
DA:75,0
DA:76,0
DA:77,0
DA:78,0
DA:79,0
DA:80,0
DA:82,1
DA:83,0
DA:84,0
DA:85,0
DA:86,0
DA:88,0
DA:89,0
DA:90,0
DA:91,0
DA:92,0
DA:95,0
DA:101,1
DA:103,1
LF:67
LH:13
BRDA:15,1,0,0
BRDA:15,1,1,0
BRDA:15,1,2,0
BRDA:15,1,3,0
BRDA:15,1,4,0
BRDA:15,1,5,0
BRDA:15,1,6,0
BRDA:15,1,7,0
BRDA:15,1,8,0
BRDA:15,1,9,0
BRDA:15,1,10,0
BRDA:15,1,11,0
BRDA:15,1,12,0
BRDA:15,1,13,0
BRDA:15,1,14,0
BRDA:15,1,15,0
BRDA:15,1,16,0
BRDA:15,1,17,0
BRDA:15,1,18,0
BRDA:17,2,0,0
BRDA:17,2,1,0
BRDA:20,3,0,0
BRDA:20,3,1,0
BRDA:23,4,0,0
BRDA:23,4,1,0
BRDA:27,5,0,0
BRDA:27,5,1,0
BRDA:30,6,0,0
BRDA:30,6,1,0
BRDA:33,7,0,0
BRDA:33,7,1,0
BRDA:36,8,0,0
BRDA:36,8,1,0
BRDA:39,9,0,0
BRDA:39,9,1,0
BRDA:49,10,0,0
BRDA:49,10,1,0
BRDA:53,11,0,0
BRDA:53,11,1,0
BRDA:56,12,0,0
BRDA:56,12,1,0
BRDA:59,13,0,0
BRDA:59,13,1,0
BRDA:79,14,0,0
BRDA:79,14,1,0
BRDA:84,15,0,0
BRDA:84,15,1,0
BRF:47
BRH:0
end_of_record
TN:
SF:/opt/srf-test-manager/lib/logic/assets-organizer.js
FN:7,(anonymous_1)
FN:8,AssetsOrganizer
FN:16,(anonymous_3)
FN:20,(anonymous_4)
FN:26,(anonymous_5)
FNF:5
FNH:1
FNDA:1,(anonymous_1)
FNDA:0,AssetsOrganizer
FNDA:0,(anonymous_3)
FNDA:0,(anonymous_4)
FNDA:0,(anonymous_5)
DA:2,1
DA:3,1
DA:4,1
DA:5,1
DA:6,1
DA:7,1
DA:8,1
DA:9,0
DA:10,0
DA:11,0
DA:12,0
DA:13,0
DA:14,0
DA:16,1
DA:17,0
DA:20,1
DA:22,0
DA:23,0
DA:24,0
DA:26,0
DA:27,0
DA:28,0
DA:29,0
DA:32,0
DA:33,0
DA:35,1
DA:37,1
LF:27
LH:11
BRDA:23,1,0,0
BRDA:23,1,1,0
BRDA:24,2,0,0
BRDA:24,2,1,0
BRDA:27,3,0,0
BRDA:27,3,1,0
BRDA:32,4,0,0
BRDA:32,4,1,0
BRF:8
BRH:0
end_of_record
TN:
SF:/opt/srf-test-manager/lib/database/assets-persisters.js
FN:13,(anonymous_1)
FN:14,AssetPersistersUtils
FN:16,(anonymous_3)
FN:19,(anonymous_4)
FN:21,(anonymous_5)
FN:23,(anonymous_6)
FN:24,(anonymous_7)
FN:30,(anonymous_8)
FN:40,(anonymous_9)
FN:41,AssetPersister
FN:45,(anonymous_11)
FN:49,(anonymous_12)
FN:70,(anonymous_13)
FN:78,(anonymous_14)
FN:91,(anonymous_15)
FN:92,ParamsForAssetsPersister
FN:96,(anonymous_17)
FN:102,(anonymous_18)
FN:104,(anonymous_19)
FN:107,(anonymous_20)
FN:109,(anonymous_21)
FN:114,(anonymous_22)
FN:126,(anonymous_23)
FN:129,(anonymous_24)
FN:131,(anonymous_25)
FN:134,(anonymous_26)
FN:135,(anonymous_27)
FN:137,(anonymous_28)
FN:143,(anonymous_29)
FN:144,(anonymous_30)
FN:147,(anonymous_31)
FN:151,(anonymous_32)
FN:155,(anonymous_33)
FN:171,(anonymous_34)
FN:177,(anonymous_35)
FN:179,(anonymous_36)
FN:180,(anonymous_37)
FNF:37
FNH:3
FNDA:1,(anonymous_1)
FNDA:0,AssetPersistersUtils
FNDA:0,(anonymous_3)
FNDA:0,(anonymous_4)
FNDA:0,(anonymous_5)
FNDA:0,(anonymous_6)
FNDA:0,(anonymous_7)
FNDA:0,(anonymous_8)
FNDA:1,(anonymous_9)
FNDA:0,AssetPersister
FNDA:0,(anonymous_11)
FNDA:0,(anonymous_12)
FNDA:0,(anonymous_13)
FNDA:0,(anonymous_14)
FNDA:1,(anonymous_15)
FNDA:0,ParamsForAssetsPersister
FNDA:0,(anonymous_17)
FNDA:0,(anonymous_18)
FNDA:0,(anonymous_19)
FNDA:0,(anonymous_20)
FNDA:0,(anonymous_21)
FNDA:0,(anonymous_22)
FNDA:0,(anonymous_23)
FNDA:0,(anonymous_24)
FNDA:0,(anonymous_25)
FNDA:0,(anonymous_26)
FNDA:0,(anonymous_27)
FNDA:0,(anonymous_28)
FNDA:0,(anonymous_29)
FNDA:0,(anonymous_30)
FNDA:0,(anonymous_31)
FNDA:0,(anonymous_32)
FNDA:0,(anonymous_33)
FNDA:0,(anonymous_34)
FNDA:0,(anonymous_35)
FNDA:0,(anonymous_36)
FNDA:0,(anonymous_37)
DA:2,1
DA:3,1
DA:4,1
DA:5,1
DA:6,1
DA:7,1
DA:8,1
DA:9,1
DA:10,1
DA:11,1
DA:12,1
DA:13,1
DA:14,1
DA:16,1
DA:17,0
DA:18,0
DA:19,0
DA:20,0
DA:21,0
DA:22,0
DA:23,0
DA:24,0
DA:25,0
DA:26,0
DA:27,0
DA:28,0
DA:30,0
DA:32,0
DA:37,1
DA:39,1
DA:40,1
DA:41,1
DA:42,0
DA:43,0
DA:45,1
DA:46,0
DA:47,0
DA:48,0
DA:49,0
DA:50,0
DA:51,0
DA:52,0
DA:54,0
DA:55,0
DA:56,0
DA:57,0
DA:58,0
DA:59,0
DA:60,0
DA:61,0
DA:62,0
DA:64,0
DA:65,0
DA:66,0
DA:67,0
DA:69,0
DA:73,0
DA:74,0
DA:75,0
DA:76,0
DA:77,0
DA:79,0
DA:80,0
DA:81,0
DA:84,0
DA:88,1
DA:90,1
DA:91,1
DA:92,1
DA:93,0
DA:94,0
DA:96,1
DA:97,0
DA:98,0
DA:99,0
DA:100,0
DA:101,0
DA:102,0
DA:103,0
DA:104,0
DA:105,0
DA:106,0
DA:108,0
DA:109,0
DA:110,0
DA:111,0
DA:112,0
DA:113,0
DA:114,0
DA:115,0
DA:116,0
DA:117,0
DA:118,0
DA:119,0
DA:120,0
DA:121,0
DA:124,0
DA:125,0
DA:127,0
DA:128,0
DA:129,0
DA:130,0
DA:131,0
DA:133,0
DA:134,0
DA:135,0
DA:136,0
DA:137,0
DA:140,0
DA:143,1
DA:144,0
DA:145,0
DA:146,0
DA:147,0
DA:148,0
DA:151,1
DA:152,0
DA:153,0
DA:154,0
DA:155,0
DA:156,0
DA:157,0
DA:159,0
DA:160,0
DA:161,0
DA:165,0
DA:166,0
DA:171,1
DA:173,0
DA:174,0
DA:175,0
DA:176,0
DA:177,0
DA:178,0
DA:179,0
DA:180,0
DA:181,0
DA:182,0
DA:184,1
DA:186,1
LF:140
LH:29
BRDA:22,1,0,0
BRDA:22,1,1,0
BRDA:26,2,0,0
BRDA:26,2,1,0
BRDA:59,3,0,0
BRDA:59,3,1,0
BRDA:64,4,0,0
BRDA:64,4,1,0
BRDA:80,5,0,0
BRDA:80,5,1,0
BRDA:115,6,0,0
BRDA:115,6,1,0
BRDA:146,7,0,0
BRDA:146,7,1,0
BRDA:157,8,0,0
BRDA:157,8,1,0
BRF:16
BRH:0
end_of_record
TN:
SF:/opt/srf-test-manager/lib/database/assets-extractor.js
FN:7,(anonymous_1)
FN:8,AssetsExtractor
FN:12,(anonymous_3)
FN:18,(anonymous_4)
FNF:4
FNH:1
FNDA:1,(anonymous_1)
FNDA:0,AssetsExtractor
FNDA:0,(anonymous_3)
FNDA:0,(anonymous_4)
DA:2,1
DA:3,1
DA:4,1
DA:5,1
DA:6,1
DA:7,1
DA:8,1
DA:9,0
DA:10,0
DA:12,1
DA:13,0
DA:14,0
DA:15,0
DA:16,0
DA:17,0
DA:18,0
DA:19,0
DA:20,0
DA:21,0
DA:22,0
DA:23,0
DA:24,0
DA:25,0
DA:26,0
DA:27,0
DA:28,0
DA:29,0
DA:30,0
DA:31,0
DA:32,0
DA:33,0
DA:34,0
DA:35,0
DA:36,0
DA:37,0
DA:38,0
DA:39,0
DA:42,0
DA:44,0
DA:45,0
DA:46,0
DA:48,0
DA:49,0
DA:50,0
DA:52,0
DA:53,0
DA:54,0
DA:55,0
DA:59,0
DA:60,0
DA:61,0
DA:62,0
DA:63,0
DA:64,0
DA:65,0
DA:66,0
DA:68,0
DA:70,0
DA:72,1
DA:74,1
LF:60
LH:10
BRDA:18,1,0,0
BRDA:18,1,1,0
BRDA:20,2,0,0
BRDA:20,2,1,0
BRDA:22,3,0,0
BRDA:22,3,1,0
BRDA:24,4,0,0
BRDA:24,4,1,0
BRDA:26,5,0,0
BRDA:26,5,1,0
BRDA:28,6,0,0
BRDA:28,6,1,0
BRDA:30,7,0,0
BRDA:30,7,1,0
BRDA:32,8,0,0
BRDA:32,8,1,0
BRDA:34,9,0,0
BRDA:34,9,1,0
BRDA:36,10,0,0
BRDA:36,10,1,0
BRDA:38,11,0,0
BRDA:38,11,1,0
BRDA:45,12,0,0
BRDA:45,12,1,0
BRDA:48,13,0,0
BRDA:48,13,1,0
BRDA:48,14,0,0
BRDA:48,14,1,0
BRDA:54,15,0,0
BRDA:54,15,1,0
BRDA:54,16,0,0
BRDA:54,16,1,0
BRF:32
BRH:0
end_of_record
TN:
SF:/opt/srf-test-manager/lib/database/yac-query-generator.js
FN:3,(anonymous_1)
FN:4,YacQueryGenerator
FN:6,(anonymous_3)
FN:11,(anonymous_4)
FN:14,(anonymous_5)
FN:17,(anonymous_6)
FNF:6
FNH:1
FNDA:1,(anonymous_1)
FNDA:0,YacQueryGenerator
FNDA:0,(anonymous_3)
FNDA:0,(anonymous_4)
FNDA:0,(anonymous_5)
FNDA:0,(anonymous_6)
DA:2,1
DA:3,1
DA:4,1
DA:6,1
DA:7,0
DA:8,0
DA:9,0
DA:11,1
DA:12,0
DA:14,1
DA:15,0
DA:17,1
DA:18,0
DA:20,1
DA:22,1
LF:15
LH:9
BRDA:7,1,0,0
BRDA:7,1,1,0
BRF:2
BRH:0
end_of_record
TN:
SF:/opt/srf-test-manager/lib/database/params-extractor.js
FN:6,(anonymous_1)
FN:7,ParamsExtractor
FN:11,(anonymous_3)
FN:17,(anonymous_4)
FN:18,(anonymous_5)
FNF:5
FNH:1
FNDA:1,(anonymous_1)
FNDA:0,ParamsExtractor
FNDA:0,(anonymous_3)
FNDA:0,(anonymous_4)
FNDA:0,(anonymous_5)
DA:2,1
DA:3,1
DA:4,1
DA:5,1
DA:6,1
DA:7,1
DA:8,0
DA:9,0
DA:11,1
DA:12,0
DA:13,0
DA:14,0
DA:15,0
DA:16,0
DA:17,0
DA:18,0
DA:19,0
DA:20,0
DA:21,0
DA:22,0
DA:23,0
DA:26,0
DA:27,0
DA:29,0
DA:30,0
DA:31,0
DA:32,0
DA:33,0
DA:36,0
DA:38,1
DA:40,1
LF:31
LH:9
BRDA:20,1,0,0
BRDA:20,1,1,0
BRF:2
BRH:0
end_of_record
TN:
SF:/opt/srf-test-manager/lib/logic/params-organizer.js
FN:6,(anonymous_1)
FN:7,ParamsModificationMode
FN:9,(anonymous_3)
FN:10,(anonymous_4)
FN:20,(anonymous_5)
FN:27,(anonymous_6)
FN:28,ParamsOrganizer
FN:36,(anonymous_8)
FN:40,(anonymous_9)
FN:45,(anonymous_10)
FNF:10
FNH:2
FNDA:1,(anonymous_1)
FNDA:0,ParamsModificationMode
FNDA:0,(anonymous_3)
FNDA:0,(anonymous_4)
FNDA:0,(anonymous_5)
FNDA:1,(anonymous_6)
FNDA:0,ParamsOrganizer
FNDA:0,(anonymous_8)
FNDA:0,(anonymous_9)
FNDA:0,(anonymous_10)
DA:2,1
DA:3,1
DA:4,1
DA:5,1
DA:6,1
DA:7,1
DA:9,1
DA:10,0
DA:13,0
DA:15,0
DA:16,0
DA:20,1
DA:21,0
DA:22,0
DA:24,1
DA:26,1
DA:27,1
DA:28,1
DA:29,0
DA:30,0
DA:31,0
DA:32,0
DA:33,0
DA:34,0
DA:36,1
DA:37,0
DA:40,1
DA:43,0
DA:44,0
DA:45,0
DA:46,0
DA:47,0
DA:48,0
DA:50,1
DA:52,1
LF:35
LH:16
BRDA:13,1,0,0
BRDA:13,1,1,0
BRDA:13,2,0,0
BRDA:13,2,1,0
BRDA:13,2,2,0
BRDA:13,2,3,0
BRDA:21,3,0,0
BRDA:21,3,1,0
BRDA:43,4,0,0
BRDA:43,4,1,0
BRDA:47,5,0,0
BRDA:47,5,1,0
BRF:12
BRH:0
end_of_record
TN:
SF:/opt/srf-test-manager/lib/database/tags-persisters-impl.js
FN:2,(anonymous_1)
FN:4,(anonymous_2)
FN:5,(anonymous_3)
FN:6,(anonymous_4)
FN:8,__
FN:17,(anonymous_6)
FN:19,TestTagsPersister
FN:25,(anonymous_8)
FN:27,Tags2TestsSubEntityDeleter
FN:33,(anonymous_10)
FN:35,Tags2AssetSubEntityDeleter
FN:41,(anonymous_12)
FN:43,AssetTagsPersister
FN:49,(anonymous_14)
FN:55,(anonymous_15)
FN:57,TestRunTagsPersister
FN:65,(anonymous_17)
FN:67,TestTestingAreaPersister
FN:73,(anonymous_19)
FN:75,TestingArea2TestsSubEntityDeleter
FNF:20
FNH:10
FNDA:1,(anonymous_1)
FNDA:0,(anonymous_2)
FNDA:0,(anonymous_3)
FNDA:7,(anonymous_4)
FNDA:7,__
FNDA:1,(anonymous_6)
FNDA:0,TestTagsPersister
FNDA:1,(anonymous_8)
FNDA:0,Tags2TestsSubEntityDeleter
FNDA:1,(anonymous_10)
FNDA:0,Tags2AssetSubEntityDeleter
FNDA:1,(anonymous_12)
FNDA:0,AssetTagsPersister
FNDA:0,(anonymous_14)
FNDA:1,(anonymous_15)
FNDA:0,TestRunTagsPersister
FNDA:1,(anonymous_17)
FNDA:0,TestTestingAreaPersister
FNDA:1,(anonymous_19)
FNDA:0,TestingArea2TestsSubEntityDeleter
DA:2,1
DA:3,1
DA:4,0
DA:5,0
DA:6,1
DA:7,7
DA:8,7
DA:9,7
DA:12,1
DA:13,1
DA:14,1
DA:15,1
DA:16,1
DA:17,1
DA:18,1
DA:19,1
DA:20,0
DA:22,1
DA:24,1
DA:25,1
DA:26,1
DA:27,1
DA:28,0
DA:30,1
DA:32,1
DA:33,1
DA:34,1
DA:35,1
DA:36,0
DA:38,1
DA:40,1
DA:41,1
DA:42,1
DA:43,1
DA:44,0
DA:45,0
DA:46,0
DA:47,0
DA:49,1
DA:50,0
DA:52,1
DA:54,1
DA:55,1
DA:56,1
DA:57,1
DA:58,0
DA:59,0
DA:60,0
DA:62,1
DA:64,1
DA:65,1
DA:66,1
DA:67,1
DA:68,0
DA:70,1
DA:72,1
DA:73,1
DA:74,1
DA:75,1
DA:76,0
DA:78,1
DA:80,1
LF:62
LH:47
BRDA:2,1,0,1
BRDA:2,1,1,1
BRDA:2,1,2,1
BRDA:3,2,0,1
BRDA:3,2,1,0
BRDA:3,2,2,0
BRDA:3,2,3,0
BRDA:5,3,0,0
BRDA:5,3,1,0
BRDA:9,4,0,0
BRDA:9,4,1,7
BRDA:20,5,0,0
BRDA:20,5,1,0
BRDA:28,6,0,0
BRDA:28,6,1,0
BRDA:36,7,0,0
BRDA:36,7,1,0
BRDA:44,8,0,0
BRDA:44,8,1,0
BRDA:58,9,0,0
BRDA:58,9,1,0
BRDA:68,10,0,0
BRDA:68,10,1,0
BRDA:76,11,0,0
BRDA:76,11,1,0
BRF:25
BRH:5
end_of_record
TN:
SF:/opt/srf-test-manager/lib/database/tags-persister.js
FN:17,(anonymous_1)
FN:18,TagsPersister
FN:25,(anonymous_3)
FN:28,(anonymous_4)
FN:30,(anonymous_5)
FN:35,(anonymous_6)
FN:39,(anonymous_7)
FN:41,(anonymous_8)
FN:48,(anonymous_9)
FN:63,(anonymous_10)
FN:79,(anonymous_11)
FN:83,(anonymous_12)
FN:93,(anonymous_13)
FN:97,(anonymous_14)
FN:106,(anonymous_15)
FN:113,(anonymous_16)
FN:122,(anonymous_17)
FN:128,(anonymous_18)
FN:133,(anonymous_19)
FN:142,(anonymous_20)
FN:150,(anonymous_21)
FN:153,(anonymous_22)
FN:157,(anonymous_23)
FN:172,(anonymous_24)
FN:182,(anonymous_25)
FN:184,(anonymous_26)
FN:209,(anonymous_27)
FN:214,(anonymous_28)
FN:216,(anonymous_29)
FN:217,(anonymous_30)
FN:218,(anonymous_31)
FN:226,(anonymous_32)
FN:227,(anonymous_33)
FN:236,(anonymous_34)
FNF:34
FNH:1
FNDA:1,(anonymous_1)
FNDA:0,TagsPersister
FNDA:0,(anonymous_3)
FNDA:0,(anonymous_4)
FNDA:0,(anonymous_5)
FNDA:0,(anonymous_6)
FNDA:0,(anonymous_7)
FNDA:0,(anonymous_8)
FNDA:0,(anonymous_9)
FNDA:0,(anonymous_10)
FNDA:0,(anonymous_11)
FNDA:0,(anonymous_12)
FNDA:0,(anonymous_13)
FNDA:0,(anonymous_14)
FNDA:0,(anonymous_15)
FNDA:0,(anonymous_16)
FNDA:0,(anonymous_17)
FNDA:0,(anonymous_18)
FNDA:0,(anonymous_19)
FNDA:0,(anonymous_20)
FNDA:0,(anonymous_21)
FNDA:0,(anonymous_22)
FNDA:0,(anonymous_23)
FNDA:0,(anonymous_24)
FNDA:0,(anonymous_25)
FNDA:0,(anonymous_26)
FNDA:0,(anonymous_27)
FNDA:0,(anonymous_28)
FNDA:0,(anonymous_29)
FNDA:0,(anonymous_30)
FNDA:0,(anonymous_31)
FNDA:0,(anonymous_32)
FNDA:0,(anonymous_33)
FNDA:0,(anonymous_34)
DA:2,1
DA:3,1
DA:4,1
DA:5,1
DA:6,1
DA:7,1
DA:8,1
DA:9,1
DA:10,1
DA:11,1
DA:12,1
DA:13,1
DA:14,1
DA:15,1
DA:16,1
DA:17,1
DA:18,1
DA:19,0
DA:20,0
DA:21,0
DA:22,0
DA:25,1
DA:26,0
DA:28,1
DA:29,0
DA:30,0
DA:31,0
DA:32,0
DA:33,0
DA:35,0
DA:36,0
DA:38,0
DA:39,0
DA:40,0
DA:41,0
DA:42,0
DA:45,0
DA:48,1
DA:49,0
DA:50,0
DA:51,0
DA:52,0
DA:53,0
DA:54,0
DA:55,0
DA:57,0
DA:60,0
DA:61,0
DA:63,0
DA:64,0
DA:65,0
DA:67,0
DA:68,0
DA:69,0
DA:70,0
DA:71,0
DA:73,0
DA:76,0
DA:78,0
DA:80,0
DA:82,0
DA:83,0
DA:84,0
DA:85,0
DA:86,0
DA:89,0
DA:90,0
DA:91,0
DA:94,0
DA:97,1
DA:98,0
DA:99,0
DA:100,0
DA:102,0
DA:104,0
DA:106,1
DA:107,0
DA:108,0
DA:109,0
DA:110,0
DA:111,0
DA:113,1
DA:114,0
DA:115,0
DA:116,0
DA:117,0
DA:118,0
DA:119,0
DA:120,0
DA:121,0
DA:123,0
DA:124,0
DA:128,1
DA:129,0
DA:130,0
DA:131,0
DA:132,0
DA:133,0
DA:134,0
DA:135,0
DA:137,0
DA:138,0
DA:139,0
DA:140,0
DA:142,1
DA:143,0
DA:144,0
DA:145,0
DA:146,0
DA:147,0
DA:148,0
DA:149,0
DA:151,0
DA:152,0
DA:154,0
DA:155,0
DA:156,0
DA:157,0
DA:158,0
DA:160,0
DA:161,0
DA:162,0
DA:165,0
DA:168,0
DA:172,1
DA:173,0
DA:174,0
DA:175,0
DA:176,0
DA:177,0
DA:178,0
DA:180,0
DA:182,1
DA:183,0
DA:184,0
DA:185,0
DA:209,1
DA:210,0
DA:211,0
DA:212,0
DA:213,0
DA:214,0
DA:215,0
DA:216,0
DA:217,0
DA:218,0
DA:219,0
DA:220,0
DA:221,0
DA:224,0
DA:225,0
DA:226,0
DA:227,0
DA:228,0
DA:229,0
DA:230,0
DA:231,0
DA:232,0
DA:233,0
DA:234,0
DA:235,0
DA:236,0
DA:238,1
DA:240,1
LF:164
LH:30
BRDA:54,1,0,0
BRDA:54,1,1,0
BRDA:65,2,0,0
BRDA:65,2,1,0
BRDA:71,3,0,0
BRDA:71,3,1,0
BRDA:84,4,0,0
BRDA:84,4,1,0
BRDA:89,5,0,0
BRDA:89,5,1,0
BRDA:134,6,0,0
BRDA:134,6,1,0
BRDA:155,7,0,0
BRDA:155,7,1,0
BRDA:162,8,0,0
BRDA:162,8,1,0
BRDA:163,9,0,0
BRDA:163,9,1,0
BRDA:174,10,0,0
BRDA:174,10,1,0
BRDA:177,11,0,0
BRDA:177,11,1,0
BRDA:220,12,0,0
BRDA:220,12,1,0
BRDA:232,13,0,0
BRDA:232,13,1,0
BRF:26
BRH:0
end_of_record
TN:
SF:/opt/srf-test-manager/lib/logic/tags-accessor.js
FN:10,(anonymous_1)
FN:11,TagsAccessor
FN:15,(anonymous_3)
FN:31,(anonymous_4)
FN:36,(anonymous_5)
FN:46,(anonymous_6)
FN:57,(anonymous_7)
FN:58,Tag2EntityEntryTranslator
FN:62,(anonymous_9)
FNF:9
FNH:2
FNDA:1,(anonymous_1)
FNDA:0,TagsAccessor
FNDA:0,(anonymous_3)
FNDA:0,(anonymous_4)
FNDA:0,(anonymous_5)
FNDA:0,(anonymous_6)
FNDA:1,(anonymous_7)
FNDA:0,Tag2EntityEntryTranslator
FNDA:0,(anonymous_9)
DA:2,1
DA:3,1
DA:4,1
DA:5,1
DA:6,1
DA:7,1
DA:8,1
DA:9,1
DA:10,1
DA:11,1
DA:12,0
DA:13,0
DA:15,1
DA:16,0
DA:17,0
DA:18,0
DA:19,0
DA:26,0
DA:27,0
DA:32,0
DA:33,0
DA:36,1
DA:37,0
DA:43,0
DA:44,0
DA:47,0
DA:48,0
DA:54,1
DA:56,1
DA:57,1
DA:58,1
DA:59,0
DA:60,0
DA:62,1
DA:63,0
DA:64,0
DA:66,1
LF:37
LH:18
BRDA:47,1,0,0
BRDA:47,1,1,0
BRF:2
BRH:0
end_of_record
TN:
SF:/opt/srf-test-manager/lib/logic/tags-organizer.js
FN:7,(anonymous_1)
FN:8,TagsModificationMode
FN:10,(anonymous_3)
FN:11,(anonymous_4)
FN:24,(anonymous_5)
FN:25,TagsTranslator
FN:29,(anonymous_7)
FN:36,(anonymous_8)
FN:37,TagsOrganizerForEntity
FN:47,(anonymous_10)
FN:53,(anonymous_11)
FN:58,(anonymous_12)
FN:67,(anonymous_13)
FN:68,TagsOrganizerForTag
FN:72,(anonymous_15)
FN:75,(anonymous_16)
FNF:16
FNH:4
FNDA:1,(anonymous_1)
FNDA:0,TagsModificationMode
FNDA:0,(anonymous_3)
FNDA:0,(anonymous_4)
FNDA:1,(anonymous_5)
FNDA:0,TagsTranslator
FNDA:0,(anonymous_7)
FNDA:1,(anonymous_8)
FNDA:0,TagsOrganizerForEntity
FNDA:0,(anonymous_10)
FNDA:0,(anonymous_11)
FNDA:0,(anonymous_12)
FNDA:1,(anonymous_13)
FNDA:0,TagsOrganizerForTag
FNDA:0,(anonymous_15)
FNDA:0,(anonymous_16)
DA:2,1
DA:3,1
DA:4,1
DA:5,1
DA:6,1
DA:7,1
DA:8,1
DA:10,1
DA:11,0
DA:14,0
DA:16,0
DA:17,0
DA:21,1
DA:23,1
DA:24,1
DA:25,1
DA:26,0
DA:27,0
DA:29,1
DA:30,0
DA:31,0
DA:33,1
DA:35,1
DA:36,1
DA:37,1
DA:38,0
DA:39,0
DA:40,0
DA:41,0
DA:42,0
DA:43,0
DA:44,0
DA:45,0
DA:47,1
DA:48,0
DA:53,1
DA:55,0
DA:56,0
DA:57,0
DA:58,0
DA:59,0
DA:61,0
DA:62,0
DA:64,1
DA:66,1
DA:67,1
DA:68,1
DA:69,0
DA:70,0
DA:72,1
DA:73,0
DA:74,0
DA:75,0
DA:76,0
DA:77,0
DA:79,0
DA:81,1
DA:83,1
LF:58
LH:26
BRDA:14,1,0,0
BRDA:14,1,1,0
BRDA:14,2,0,0
BRDA:14,2,1,0
BRDA:14,2,2,0
BRDA:14,2,3,0
BRDA:56,3,0,0
BRDA:56,3,1,0
BRDA:61,4,0,0
BRDA:61,4,1,0
BRDA:74,5,0,0
BRDA:74,5,1,0
BRF:12
BRH:0
end_of_record
TN:
SF:/opt/srf-test-manager/lib/database/sort-tags-by-usage-filter.js
FN:6,(anonymous_1)
FN:7,SortTagsByUsageFilter
FN:12,(anonymous_3)
FN:43,(anonymous_4)
FN:47,(anonymous_5)
FN:53,(anonymous_6)
FNF:6
FNH:1
FNDA:1,(anonymous_1)
FNDA:0,SortTagsByUsageFilter
FNDA:0,(anonymous_3)
FNDA:0,(anonymous_4)
FNDA:0,(anonymous_5)
FNDA:0,(anonymous_6)
DA:2,1
DA:3,1
DA:4,1
DA:5,1
DA:6,1
DA:7,1
DA:8,0
DA:9,0
DA:10,0
DA:12,1
DA:13,0
DA:14,0
DA:15,0
DA:17,0
DA:18,0
DA:19,0
DA:36,0
DA:41,0
DA:42,0
DA:43,0
DA:44,0
DA:46,0
DA:48,0
DA:53,0
DA:54,0
DA:56,0
DA:58,1
DA:60,1
LF:28
LH:9
BRDA:14,1,0,0
BRDA:14,1,1,0
BRDA:14,2,0,0
BRDA:14,2,1,0
BRDA:17,3,0,0
BRDA:17,3,1,0
BRDA:41,4,0,0
BRDA:41,4,1,0
BRDA:42,5,0,0
BRDA:42,5,1,0
BRF:10
BRH:0
end_of_record
TN:
SF:/opt/srf-test-manager/lib/database/tag-extractor.js
FN:6,(anonymous_1)
FN:7,TagExtractor
FN:12,(anonymous_3)
FN:19,(anonymous_4)
FN:20,(anonymous_5)
FN:31,(anonymous_6)
FNF:6
FNH:1
FNDA:1,(anonymous_1)
FNDA:0,TagExtractor
FNDA:0,(anonymous_3)
FNDA:0,(anonymous_4)
FNDA:0,(anonymous_5)
FNDA:0,(anonymous_6)
DA:2,1
DA:3,1
DA:4,1
DA:5,1
DA:6,1
DA:7,1
DA:8,0
DA:9,0
DA:10,0
DA:12,1
DA:13,0
DA:14,0
DA:15,0
DA:16,0
DA:17,0
DA:18,0
DA:19,0
DA:20,0
DA:21,0
DA:22,0
DA:23,0
DA:24,0
DA:25,0
DA:26,0
DA:29,0
DA:31,1
DA:32,0
DA:34,1
DA:36,1
LF:29
LH:10
BRF:0
BRH:0
end_of_record
TN:
SF:/opt/srf-test-manager/lib/database/tag-2-entity-extractor.js
FN:5,(anonymous_1)
FN:6,Tag2EntityExtractor
FN:11,(anonymous_3)
FN:17,(anonymous_4)
FN:18,(anonymous_5)
FNF:5
FNH:1
FNDA:1,(anonymous_1)
FNDA:0,Tag2EntityExtractor
FNDA:0,(anonymous_3)
FNDA:0,(anonymous_4)
FNDA:0,(anonymous_5)
DA:2,1
DA:3,1
DA:4,1
DA:5,1
DA:6,1
DA:7,0
DA:8,0
DA:9,0
DA:11,1
DA:12,0
DA:13,0
DA:14,0
DA:15,0
DA:16,0
DA:17,0
DA:18,0
DA:19,0
DA:20,0
DA:21,0
DA:22,0
DA:23,0
DA:24,0
DA:25,0
DA:28,0
DA:30,1
DA:32,1
LF:26
LH:8
BRDA:23,1,0,0
BRDA:23,1,1,0
BRF:2
BRH:0
end_of_record
TN:
SF:/opt/srf-test-manager/lib/database/taggable-entity-strategies.js
FN:4,(anonymous_1)
FN:5,TestTagStrategies
FN:7,(anonymous_3)
FN:10,(anonymous_4)
FN:13,(anonymous_5)
FN:19,(anonymous_6)
FN:20,AssetTagStrategies
FN:22,(anonymous_8)
FN:25,(anonymous_9)
FN:28,(anonymous_10)
FN:34,(anonymous_11)
FN:35,TestRunTagStrategies
FN:37,(anonymous_13)
FN:40,(anonymous_14)
FN:43,(anonymous_15)
FN:50,(anonymous_16)
FN:51,TestTestingAreaStrategies
FN:53,(anonymous_18)
FN:56,(anonymous_19)
FN:59,(anonymous_20)
FN:65,(anonymous_21)
FN:66,Strategies
FNF:22
FNH:9
FNDA:1,(anonymous_1)
FNDA:1,TestTagStrategies
FNDA:0,(anonymous_3)
FNDA:0,(anonymous_4)
FNDA:0,(anonymous_5)
FNDA:1,(anonymous_6)
FNDA:1,AssetTagStrategies
FNDA:0,(anonymous_8)
FNDA:0,(anonymous_9)
FNDA:0,(anonymous_10)
FNDA:1,(anonymous_11)
FNDA:1,TestRunTagStrategies
FNDA:0,(anonymous_13)
FNDA:0,(anonymous_14)
FNDA:0,(anonymous_15)
FNDA:1,(anonymous_16)
FNDA:1,TestTestingAreaStrategies
FNDA:0,(anonymous_18)
FNDA:0,(anonymous_19)
FNDA:0,(anonymous_20)
FNDA:1,(anonymous_21)
FNDA:0,Strategies
DA:2,1
DA:3,1
DA:4,1
DA:5,1
DA:7,1
DA:8,0
DA:10,1
DA:11,0
DA:13,1
DA:14,0
DA:16,1
DA:18,1
DA:19,1
DA:20,1
DA:22,1
DA:23,0
DA:25,1
DA:26,0
DA:28,1
DA:29,0
DA:31,1
DA:33,1
DA:34,1
DA:35,1
DA:37,1
DA:38,0
DA:40,1
DA:41,0
DA:43,1
DA:45,0
DA:47,1
DA:49,1
DA:50,1
DA:51,1
DA:53,1
DA:54,0
DA:56,1
DA:57,0
DA:59,1
DA:60,0
DA:62,1
DA:64,1
DA:65,1
DA:66,1
DA:68,1
DA:69,1
DA:70,1
DA:71,1
DA:72,1
DA:74,1
LF:50
LH:38
BRF:0
BRH:0
end_of_record
TN:
SF:/opt/srf-test-manager/lib/database/tags2entities-subentity-deleter.js
FN:8,(anonymous_1)
FN:9,Tags2EntitySubEntityDeleter
FN:17,(anonymous_3)
FN:22,(anonymous_4)
FN:27,(anonymous_5)
FN:34,(anonymous_6)
FN:35,Tag2EntityEntryTranslator
FN:39,(anonymous_8)
FNF:8
FNH:2
FNDA:1,(anonymous_1)
FNDA:0,Tags2EntitySubEntityDeleter
FNDA:0,(anonymous_3)
FNDA:0,(anonymous_4)
FNDA:0,(anonymous_5)
FNDA:1,(anonymous_6)
FNDA:0,Tag2EntityEntryTranslator
FNDA:0,(anonymous_8)
DA:2,1
DA:3,1
DA:4,1
DA:5,1
DA:6,1
DA:7,1
DA:8,1
DA:9,1
DA:10,0
DA:11,0
DA:12,0
DA:13,0
DA:14,0
DA:15,0
DA:17,1
DA:18,0
DA:19,0
DA:20,0
DA:22,0
DA:24,0
DA:25,0
DA:27,1
DA:28,0
DA:29,0
DA:31,1
DA:33,1
DA:34,1
DA:35,1
DA:36,0
DA:37,0
DA:39,1
DA:40,0
DA:41,0
DA:42,0
DA:44,1
LF:35
LH:16
BRDA:20,1,0,0
BRDA:20,1,1,0
BRF:2
BRH:0
end_of_record
TN:
SF:/opt/srf-test-manager/lib/database/assets-extenders.js
FN:10,(anonymous_1)
FN:11,ParamsForAssetsExtender
FN:15,(anonymous_3)
FN:19,(anonymous_4)
FN:26,(anonymous_5)
FN:27,(anonymous_6)
FN:30,(anonymous_7)
FN:32,(anonymous_8)
FN:35,(anonymous_9)
FN:45,(anonymous_10)
FN:46,TestsForAssetsExtender
FN:54,(anonymous_12)
FN:58,(anonymous_13)
FN:63,(anonymous_14)
FN:65,(anonymous_15)
FN:75,(anonymous_16)
FN:76,TagsForAssets
FN:80,(anonymous_18)
FN:82,(anonymous_19)
FN:89,(anonymous_20)
FN:90,(anonymous_21)
FN:93,(anonymous_22)
FN:95,(anonymous_23)
FN:103,(anonymous_24)
FN:105,(anonymous_25)
FN:107,(anonymous_26)
FNF:26
FNH:3
FNDA:1,(anonymous_1)
FNDA:0,ParamsForAssetsExtender
FNDA:0,(anonymous_3)
FNDA:0,(anonymous_4)
FNDA:0,(anonymous_5)
FNDA:0,(anonymous_6)
FNDA:0,(anonymous_7)
FNDA:0,(anonymous_8)
FNDA:0,(anonymous_9)
FNDA:1,(anonymous_10)
FNDA:0,TestsForAssetsExtender
FNDA:0,(anonymous_12)
FNDA:0,(anonymous_13)
FNDA:0,(anonymous_14)
FNDA:0,(anonymous_15)
FNDA:1,(anonymous_16)
FNDA:0,TagsForAssets
FNDA:0,(anonymous_18)
FNDA:0,(anonymous_19)
FNDA:0,(anonymous_20)
FNDA:0,(anonymous_21)
FNDA:0,(anonymous_22)
FNDA:0,(anonymous_23)
FNDA:0,(anonymous_24)
FNDA:0,(anonymous_25)
FNDA:0,(anonymous_26)
DA:2,1
DA:3,1
DA:4,1
DA:5,1
DA:6,1
DA:7,1
DA:8,1
DA:9,1
DA:10,1
DA:11,1
DA:12,0
DA:13,0
DA:15,1
DA:16,0
DA:17,0
DA:18,0
DA:19,0
DA:20,0
DA:21,0
DA:22,0
DA:23,0
DA:25,0
DA:26,0
DA:27,0
DA:30,0
DA:32,0
DA:33,0
DA:35,0
DA:36,0
DA:38,0
DA:40,0
DA:42,1
DA:44,1
DA:45,1
DA:46,1
DA:47,0
DA:48,0
DA:49,0
DA:50,0
DA:51,0
DA:52,0
DA:54,1
DA:55,0
DA:56,0
DA:57,0
DA:58,0
DA:59,0
DA:60,0
DA:61,0
DA:63,0
DA:64,0
DA:65,0
DA:66,0
DA:67,0
DA:68,0
DA:72,1
DA:74,1
DA:75,1
DA:76,1
DA:77,0
DA:78,0
DA:80,1
DA:81,0
DA:82,0
DA:83,0
DA:84,0
DA:85,0
DA:86,0
DA:88,0
DA:89,0
DA:90,0
DA:93,0
DA:95,0
DA:96,0
DA:98,0
DA:100,0
DA:103,1
DA:104,0
DA:105,0
DA:106,0
DA:107,0
DA:108,0
DA:109,0
DA:110,0
DA:112,0
DA:113,0
DA:115,0
DA:117,1
DA:119,1
LF:89
LH:24
BRDA:22,1,0,0
BRDA:22,1,1,0
BRDA:59,2,0,0
BRDA:59,2,1,0
BRDA:85,3,0,0
BRDA:85,3,1,0
BRDA:109,4,0,0
BRDA:109,4,1,0
BRDA:112,5,0,0
BRDA:112,5,1,0
BRF:10
BRH:0
end_of_record
TN:
SF:/opt/srf-test-manager/lib/database/tests-persisters.js
FN:9,(anonymous_1)
FN:10,TestPersister
FN:17,(anonymous_3)
FN:31,(anonymous_4)
FN:46,(anonymous_5)
FN:55,(anonymous_6)
FNF:6
FNH:1
FNDA:1,(anonymous_1)
FNDA:0,TestPersister
FNDA:0,(anonymous_3)
FNDA:0,(anonymous_4)
FNDA:0,(anonymous_5)
FNDA:0,(anonymous_6)
DA:2,1
DA:3,1
DA:4,1
DA:5,1
DA:6,1
DA:7,1
DA:8,1
DA:9,1
DA:10,1
DA:11,0
DA:12,0
DA:13,0
DA:14,0
DA:15,0
DA:17,1
DA:18,0
DA:19,0
DA:20,0
DA:22,0
DA:23,0
DA:24,0
DA:25,0
DA:28,0
DA:31,1
DA:32,0
DA:33,0
DA:34,0
DA:35,0
DA:36,0
DA:37,0
DA:38,0
DA:39,0
DA:40,0
DA:42,0
DA:43,0
DA:44,0
DA:46,0
DA:49,0
DA:50,0
DA:51,0
DA:52,0
DA:55,1
DA:56,0
DA:57,0
DA:59,0
DA:60,0
DA:61,0
DA:62,0
DA:64,0
DA:65,0
DA:66,0
DA:68,0
DA:70,1
DA:72,1
LF:54
LH:14
BRDA:11,1,0,0
BRDA:11,1,1,0
BRDA:24,2,0,0
BRDA:24,2,1,0
BRDA:38,3,0,0
BRDA:38,3,1,0
BRDA:42,4,0,0
BRDA:42,4,1,0
BRDA:60,5,0,0
BRDA:60,5,1,0
BRDA:64,6,0,0
BRDA:64,6,1,0
BRF:12
BRH:0
end_of_record
TN:
SF:/opt/srf-test-manager/lib/database/tests-extractor.js
FN:9,(anonymous_1)
FN:10,DoTouchStrategy
FN:12,(anonymous_3)
FN:18,(anonymous_4)
FN:19,NoTouchStrategy
FN:21,(anonymous_6)
FN:27,(anonymous_7)
FN:28,TestsExtractor
FN:34,(anonymous_9)
FN:40,(anonymous_10)
FNF:10
FNH:3
FNDA:1,(anonymous_1)
FNDA:0,DoTouchStrategy
FNDA:0,(anonymous_3)
FNDA:1,(anonymous_4)
FNDA:0,NoTouchStrategy
FNDA:0,(anonymous_6)
FNDA:1,(anonymous_7)
FNDA:0,TestsExtractor
FNDA:0,(anonymous_9)
FNDA:0,(anonymous_10)
DA:2,1
DA:3,1
DA:4,1
DA:5,1
DA:6,1
DA:7,1
DA:8,1
DA:9,1
DA:10,1
DA:12,1
DA:13,0
DA:15,1
DA:17,1
DA:18,1
DA:19,1
DA:21,1
DA:22,0
DA:24,1
DA:26,1
DA:27,1
DA:28,1
DA:29,0
DA:30,0
DA:31,0
DA:32,0
DA:34,1
DA:35,0
DA:36,0
DA:37,0
DA:38,0
DA:39,0
DA:40,0
DA:41,0
DA:42,0
DA:43,0
DA:44,0
DA:45,0
DA:46,0
DA:47,0
DA:48,0
DA:49,0
DA:50,0
DA:51,0
DA:53,0
DA:54,0
DA:56,0
DA:57,0
DA:59,0
DA:60,0
DA:62,0
DA:63,0
DA:64,0
DA:65,0
DA:66,0
DA:68,0
DA:71,0
DA:72,0
DA:74,0
DA:75,0
DA:76,0
DA:78,0
DA:79,0
DA:82,0
DA:83,0
DA:84,0
DA:85,0
DA:86,0
DA:87,0
DA:88,0
DA:89,0
DA:90,0
DA:92,0
DA:93,0
DA:97,0
DA:98,0
DA:99,0
DA:100,0
DA:101,0
DA:102,0
DA:103,0
DA:104,0
DA:105,0
DA:106,0
DA:107,0
DA:108,0
DA:109,0
DA:111,0
DA:112,0
DA:113,0
DA:115,0
DA:117,1
DA:119,1
LF:92
LH:22
BRDA:42,1,0,0
BRDA:42,1,1,0
BRDA:44,2,0,0
BRDA:44,2,1,0
BRDA:46,3,0,0
BRDA:46,3,1,0
BRDA:48,4,0,0
BRDA:48,4,1,0
BRDA:50,5,0,0
BRDA:50,5,1,0
BRDA:53,6,0,0
BRDA:53,6,1,0
BRDA:56,7,0,0
BRDA:56,7,1,0
BRDA:59,8,0,0
BRDA:59,8,1,0
BRDA:62,9,0,0
BRDA:62,9,1,0
BRDA:64,10,0,0
BRDA:64,10,1,0
BRDA:64,11,0,0
BRDA:64,11,1,0
BRDA:64,11,2,0
BRDA:66,12,0,0
BRDA:66,12,1,0
BRDA:71,13,0,0
BRDA:71,13,1,0
BRDA:74,14,0,0
BRDA:74,14,1,0
BRDA:74,15,0,0
BRDA:74,15,1,0
BRDA:83,16,0,0
BRDA:83,16,1,0
BRDA:85,17,0,0
BRDA:85,17,1,0
BRDA:85,18,0,0
BRDA:85,18,1,0
BRDA:87,19,0,0
BRDA:87,19,1,0
BRDA:89,20,0,0
BRDA:89,20,1,0
BRDA:92,21,0,0
BRDA:92,21,1,0
BRDA:103,22,0,0
BRDA:103,22,1,0
BRDA:106,23,0,0
BRDA:106,23,1,0
BRDA:111,24,0,0
BRDA:111,24,1,0
BRDA:111,25,0,0
BRDA:111,25,1,0
BRF:51
BRH:0
end_of_record
TN:
SF:/opt/srf-test-manager/lib/security/user-resolver.js
FN:6,(anonymous_1)
FN:7,MockedUserResolver
FN:9,(anonymous_3)
FN:14,(anonymous_4)
FN:14,(anonymous_5)
FN:19,(anonymous_6)
FN:20,SecurityBasedUserResolver
FN:25,(anonymous_8)
FN:28,(anonymous_9)
FN:31,(anonymous_10)
FN:37,(anonymous_11)
[...]
DA:2,1
DA:3,1
DA:4,1
DA:5,1
DA:6,1
DA:7,1
DA:8,0
DA:9,0
DA:10,0
DA:11,0
DA:12,0
DA:13,0
DA:15,1
DA:16,0
DA:18,1
DA:20,1
DA:21,1
DA:22,1
DA:23,0
DA:25,1
DA:26,0
DA:28,1
DA:29,0
DA:30,0
DA:31,0
DA:33,0
DA:34,0
DA:36,0
DA:38,0
DA:40,1
DA:41,0
DA:42,0
DA:44,0
DA:45,0
DA:46,0
DA:47,0
DA:49,0
DA:51,1
DA:52,0
DA:53,0
DA:56,0
DA:59,1
DA:61,1
LF:43
LH:17
BRDA:30,1,0,0
BRDA:30,1,1,0
BRDA:33,2,0,0
BRDA:33,2,1,0
BRDA:33,3,0,0
BRDA:33,3,1,0
BRDA:41,4,0,0
BRDA:41,4,1,0
BRDA:44,5,0,0
BRDA:44,5,1,0
BRDA:44,6,0,0
BRDA:44,6,1,0
BRDA:52,7,0,0
BRDA:52,7,1,0
BRF:14
BRH:0
end_of_record
TN:
SF:/opt/srf-test-manager/lib/run-management/data-layer/organizers/extenders/generic-user-resolver-extender.js
FN:5,(anonymous_1)
FN:6,GenericEntityUserResolver
FN:13,(anonymous_3)
FN:15,(anonymous_4)
FN:22,(anonymous_5)
FN:23,(anonymous_6)
FNF:6
FNH:1
FNDA:1,(anonymous_1)
FNDA:0,GenericEntityUserResolver
FNDA:0,(anonymous_3)
FNDA:0,(anonymous_4)
FNDA:0,(anonymous_5)
FNDA:0,(anonymous_6)
DA:2,1
DA:3,1
DA:4,1
DA:5,1
DA:6,1
DA:7,0
DA:8,0
DA:9,0
DA:10,0
DA:11,0
DA:13,1
DA:14,0
DA:15,0
DA:16,0
DA:17,0
DA:18,0
DA:20,0
DA:21,0
DA:22,0
DA:23,0
DA:24,0
DA:29,1
DA:31,1
LF:23
LH:8
BRDA:17,1,0,0
BRDA:17,1,1,0
BRF:2
BRH:0
end_of_record
TN:
SF:/opt/srf-test-manager/lib/run-management/data-layer/filters/group-test-runs-filter.js
FN:9,(anonymous_1)
FN:10,GroupTestRunsFilter
FN:15,(anonymous_3)
FN:82,(anonymous_4)
FN:89,(anonymous_5)
FN:92,(anonymous_6)
FN:100,(anonymous_7)
FN:101,GroupByDateTestRunsFilter
FN:106,(anonymous_9)
FN:161,(anonymous_10)
FN:165,(anonymous_11)
FNF:11
FNH:2
FNDA:1,(anonymous_1)
FNDA:0,GroupTestRunsFilter
FNDA:0,(anonymous_3)
FNDA:0,(anonymous_4)
FNDA:0,(anonymous_5)
FNDA:0,(anonymous_6)
FNDA:1,(anonymous_7)
FNDA:0,GroupByDateTestRunsFilter
FNDA:0,(anonymous_9)
FNDA:0,(anonymous_10)
FNDA:0,(anonymous_11)
DA:2,1
DA:3,1
DA:4,1
DA:5,1
DA:9,1
DA:10,1
DA:11,0
DA:12,0
DA:13,0
DA:15,1
DA:16,0
DA:17,0
DA:18,0
DA:20,0
DA:21,0
DA:22,0
DA:23,0
DA:76,0
DA:80,0
DA:81,0
DA:82,0
DA:83,0
DA:86,0
DA:88,0
DA:89,0
DA:90,0
DA:92,0
DA:93,0
DA:95,0
DA:97,1
DA:99,1
DA:100,1
DA:101,1
DA:102,0
DA:103,0
DA:104,0
DA:106,1
DA:107,0
DA:108,0
DA:109,0
DA:111,0
DA:112,0
DA:113,0
DA:114,0
DA:148,0
DA:151,0
DA:152,0
DA:153,0
DA:154,0
DA:155,0
DA:159,0
DA:160,0
DA:162,0
DA:165,0
DA:166,0
DA:168,0
DA:170,1
DA:172,1
LF:58
LH:14
BRDA:17,1,0,0
BRDA:17,1,1,0
BRDA:17,2,0,0
BRDA:17,2,1,0
BRDA:88,3,0,0
BRDA:88,3,1,0
BRDA:108,4,0,0
BRDA:108,4,1,0
BRDA:108,5,0,0
BRDA:108,5,1,0
BRDA:111,6,0,0
BRDA:111,6,1,0
BRDA:112,7,0,0
BRDA:112,7,1,0
BRDA:155,8,0,0
BRDA:155,8,1,0
BRF:16
BRH:0
end_of_record
TN:
SF:/opt/srf-test-manager/lib/run-management/data-layer/filters/tunnel-filter.js
FN:4,(anonymous_1)
FN:5,TunnelFilter
FN:9,(anonymous_3)
FNF:3
FNH:1
FNDA:1,(anonymous_1)
FNDA:0,TunnelFilter
FNDA:0,(anonymous_3)
DA:2,1
DA:3,1
DA:4,1
DA:5,1
DA:6,0
DA:7,0
DA:9,1
DA:10,0
DA:11,0
DA:12,0
DA:15,1
DA:17,1
LF:12
LH:7
BRDA:10,1,0,0
BRDA:10,1,1,0
BRF:2
BRH:0
end_of_record
TN:
SF:/opt/srf-test-manager/lib/run-management/data-layer/persisters/test-runs-release-tag-persisters.js
FN:2,(anonymous_1)
FN:4,(anonymous_2)
FN:5,(anonymous_3)
FN:6,(anonymous_4)
FN:8,__
FN:15,(anonymous_6)
FN:17,TestRunReleaseTagsPersister
FN:23,(anonymous_8)
FN:25,TestRunReleaseTagStrategies
FN:28,(anonymous_10)
FN:31,(anonymous_11)
FN:37,(anonymous_12)
FN:39,TestRunBuildTagsPersister
FN:45,(anonymous_14)
FN:47,TestRunBuildTagStrategies
FN:50,(anonymous_16)
FN:53,(anonymous_17)
FNF:17
FNH:7
FNDA:1,(anonymous_1)
FNDA:0,(anonymous_2)
FNDA:0,(anonymous_3)
FNDA:4,(anonymous_4)
FNDA:4,__
FNDA:1,(anonymous_6)
FNDA:0,TestRunReleaseTagsPersister
FNDA:1,(anonymous_8)
FNDA:0,TestRunReleaseTagStrategies
FNDA:0,(anonymous_10)
FNDA:0,(anonymous_11)
FNDA:1,(anonymous_12)
FNDA:0,TestRunBuildTagsPersister
FNDA:1,(anonymous_14)
FNDA:0,TestRunBuildTagStrategies
FNDA:0,(anonymous_16)
FNDA:0,(anonymous_17)
DA:2,1
DA:3,1
DA:4,0
DA:5,0
DA:6,1
DA:7,4
DA:8,4
DA:9,4
DA:12,1
DA:13,1
DA:14,1
DA:15,1
DA:16,1
DA:17,1
DA:18,0
DA:20,1
DA:22,1
DA:23,1
DA:24,1
DA:25,1
DA:26,0
DA:28,1
DA:29,0
DA:31,1
DA:32,0
DA:34,1
DA:36,1
DA:37,1
DA:38,1
DA:39,1
DA:40,0
DA:42,1
DA:44,1
DA:45,1
DA:46,1
DA:47,1
DA:48,0
DA:50,1
DA:51,0
DA:53,1
DA:54,0
DA:56,1
DA:58,1
LF:43
LH:33
BRDA:2,1,0,1
BRDA:2,1,1,1
BRDA:2,1,2,1
BRDA:3,2,0,1
BRDA:3,2,1,0
BRDA:3,2,2,0
BRDA:3,2,3,0
BRDA:5,3,0,0
BRDA:5,3,1,0
BRDA:9,4,0,0
BRDA:9,4,1,4
BRDA:18,5,0,0
BRDA:18,5,1,0
BRDA:26,6,0,0
BRDA:26,6,1,0
BRDA:26,6,2,0
BRDA:40,7,0,0
BRDA:40,7,1,0
BRDA:48,8,0,0
BRDA:48,8,1,0
BRDA:48,8,2,0
BRF:21
BRH:5
end_of_record
TN:
SF:/opt/srf-test-manager/lib/run-management/data-layer/persisters/test-run-field-by-tag-persister.js
FN:2,(anonymous_1)
FN:4,(anonymous_2)
FN:5,(anonymous_3)
FN:6,(anonymous_4)
FN:8,__
FN:15,(anonymous_6)
FN:17,TestRunFieldByTagPersister
FN:23,(anonymous_8)
FN:40,(anonymous_9)
FN:44,(anonymous_10)
FN:50,(anonymous_11)
FN:51,TestRunFieldByTagStrategies
FN:53,(anonymous_13)
FN:56,(anonymous_14)
FNF:14
FNH:5
FNDA:1,(anonymous_1)
FNDA:0,(anonymous_2)
FNDA:0,(anonymous_3)
FNDA:1,(anonymous_4)
FNDA:1,__
FNDA:1,(anonymous_6)
FNDA:0,TestRunFieldByTagPersister
FNDA:0,(anonymous_8)
FNDA:0,(anonymous_9)
FNDA:0,(anonymous_10)
FNDA:1,(anonymous_11)
FNDA:0,TestRunFieldByTagStrategies
FNDA:0,(anonymous_13)
FNDA:0,(anonymous_14)
DA:2,1
DA:3,1
DA:4,0
DA:5,0
DA:6,1
DA:7,1
DA:8,1
DA:9,1
DA:12,1
DA:13,1
DA:14,1
DA:15,1
DA:16,1
DA:17,1
DA:18,0
DA:19,0
DA:20,0
DA:21,0
DA:23,1
DA:24,0
DA:25,0
DA:26,0
DA:27,0
DA:28,0
DA:30,0
DA:31,0
DA:32,0
DA:33,0
DA:36,0
DA:38,0
DA:39,0
DA:41,0
DA:44,1
DA:45,0
DA:47,1
DA:49,1
DA:50,1
DA:51,1
DA:53,1
DA:54,0
DA:56,1
DA:57,0
DA:59,1
DA:61,1
LF:44
LH:22
BRDA:2,1,0,1
BRDA:2,1,1,1
BRDA:2,1,2,1
BRDA:3,2,0,1
BRDA:3,2,1,0
BRDA:3,2,2,0
BRDA:3,2,3,0
BRDA:5,3,0,0
BRDA:5,3,1,0
BRDA:9,4,0,0
BRDA:9,4,1,1
BRDA:18,5,0,0
BRDA:18,5,1,0
BRDA:27,6,0,0
BRDA:27,6,1,0
BRDA:32,7,0,0
BRDA:32,7,1,0
BRF:17
BRH:5
end_of_record
TN:
SF:/opt/srf-test-manager/lib/run-management/data-layer/organizers/extenders/test-run-tag-extender.js
FN:2,(anonymous_1)
FN:4,(anonymous_2)
FN:5,(anonymous_3)
FN:6,(anonymous_4)
FN:8,__
FN:16,(anonymous_6)
FN:18,TestRunTagExtender
FN:21,(anonymous_8)
FN:23,(anonymous_9)
FN:24,(anonymous_10)
FN:25,(anonymous_11)
FNF:11
FNH:4
FNDA:1,(anonymous_1)
FNDA:0,(anonymous_2)
FNDA:0,(anonymous_3)
FNDA:1,(anonymous_4)
FNDA:1,__
FNDA:1,(anonymous_6)
FNDA:0,TestRunTagExtender
FNDA:0,(anonymous_8)
FNDA:0,(anonymous_9)
FNDA:0,(anonymous_10)
FNDA:0,(anonymous_11)
DA:2,1
DA:3,1
DA:4,0
DA:5,0
DA:6,1
DA:7,1
DA:8,1
DA:9,1
DA:12,1
DA:13,1
DA:14,1
DA:15,1
DA:16,1
DA:17,1
DA:18,1
DA:19,0
DA:21,1
DA:22,0
DA:23,0
DA:24,0
DA:25,0
DA:26,0
DA:30,0
DA:33,1
DA:35,1
LF:25
LH:16
BRDA:2,1,0,1
BRDA:2,1,1,1
BRDA:2,1,2,1
BRDA:3,2,0,1
BRDA:3,2,1,0
BRDA:3,2,2,0
BRDA:3,2,3,0
BRDA:5,3,0,0
BRDA:5,3,1,0
BRDA:9,4,0,0
BRDA:9,4,1,1
BRDA:19,5,0,0
BRDA:19,5,1,0
BRDA:26,6,0,0
BRDA:26,6,1,0
BRF:15
BRH:5
end_of_record
TN:
SF:/opt/srf-test-manager/lib/run-management/data-layer/filters/test-run-by-release-or-build-filter.js
FN:2,(anonymous_1)
FN:4,(anonymous_2)
FN:5,(anonymous_3)
FN:6,(anonymous_4)
FN:8,__
FN:16,(anonymous_6)
FN:17,TestRunByTagGroupFilter
FN:29,(anonymous_8)
FN:34,(anonymous_9)
FN:43,(anonymous_10)
FN:45,TestRunByReleaseFilter
FN:51,(anonymous_12)
FN:53,TestRunByBuildFilter
FNF:13
FNH:6
FNDA:1,(anonymous_1)
FNDA:0,(anonymous_2)
FNDA:0,(anonymous_3)
FNDA:2,(anonymous_4)
FNDA:2,__
FNDA:1,(anonymous_6)
FNDA:0,TestRunByTagGroupFilter
FNDA:0,(anonymous_8)
FNDA:0,(anonymous_9)
FNDA:1,(anonymous_10)
FNDA:0,TestRunByReleaseFilter
FNDA:1,(anonymous_12)
FNDA:0,TestRunByBuildFilter
DA:2,1
DA:3,1
DA:4,0
DA:5,0
DA:6,1
DA:7,2
DA:8,2
DA:9,2
DA:12,1
DA:13,1
DA:14,1
DA:15,1
DA:16,1
DA:17,1
DA:18,0
DA:19,0
DA:20,0
DA:21,0
DA:22,0
DA:23,0
DA:24,0
DA:25,0
DA:27,0
DA:28,0
DA:29,0
DA:30,0
DA:32,0
DA:34,1
DA:35,0
DA:36,0
DA:38,0
DA:40,1
DA:42,1
DA:43,1
DA:44,1
DA:45,1
DA:46,0
DA:48,1
DA:50,1
DA:51,1
DA:52,1
DA:53,1
DA:54,0
DA:56,1
DA:58,1
LF:45
LH:25
BRDA:2,1,0,1
BRDA:2,1,1,1
BRDA:2,1,2,1
BRDA:3,2,0,1
BRDA:3,2,1,0
BRDA:3,2,2,0
BRDA:3,2,3,0
BRDA:5,3,0,0
BRDA:5,3,1,0
BRDA:9,4,0,0
BRDA:9,4,1,2
BRDA:24,5,0,0
BRDA:24,5,1,0
BRDA:28,6,0,0
BRDA:28,6,1,0
BRDA:35,7,0,0
BRDA:35,7,1,0
BRDA:46,8,0,0
BRDA:46,8,1,0
BRDA:54,9,0,0
BRDA:54,9,1,0
BRF:21
BRH:5
end_of_record
TN:
SF:/opt/srf-test-manager/lib/run-management/data-layer/organizers/extenders/test-run-release-build-extender.js
FN:7,(anonymous_1)
FN:8,TestRunReleaseBuildExtender
FN:11,(anonymous_3)
FN:13,(anonymous_4)
FN:20,(anonymous_5)
FN:21,(anonymous_6)
FN:23,(anonymous_7)
FN:27,(anonymous_8)
FN:28,(anonymous_9)
FN:35,(anonymous_10)
FN:36,(anonymous_11)
FN:39,(anonymous_12)
FNF:12
FNH:1
FNDA:1,(anonymous_1)
FNDA:0,TestRunReleaseBuildExtender
FNDA:0,(anonymous_3)
FNDA:0,(anonymous_4)
FNDA:0,(anonymous_5)
FNDA:0,(anonymous_6)
FNDA:0,(anonymous_7)
FNDA:0,(anonymous_8)
FNDA:0,(anonymous_9)
FNDA:0,(anonymous_10)
FNDA:0,(anonymous_11)
FNDA:0,(anonymous_12)
DA:2,1
DA:3,1
DA:4,1
DA:5,1
DA:6,1
DA:7,1
DA:8,1
DA:9,0
DA:11,1
DA:12,0
DA:13,0
DA:14,0
DA:15,0
DA:17,0
DA:18,0
DA:19,0
DA:20,0
DA:21,0
DA:24,0
DA:27,0
DA:28,0
DA:29,0
DA:31,0
DA:33,0
DA:35,1
DA:36,0
DA:37,0
DA:38,0
DA:39,0
DA:40,0
DA:41,0
DA:42,0
DA:44,0
DA:45,0
DA:46,0
DA:48,0
DA:49,0
DA:52,0
DA:54,1
DA:56,1
LF:40
LH:11
BRDA:14,1,0,0
BRDA:14,1,1,0
BRDA:41,2,0,0
BRDA:41,2,1,0
BRDA:45,3,0,0
BRDA:45,3,1,0
BRDA:48,4,0,0
BRDA:48,4,1,0
BRF:8
BRH:0
end_of_record
TN:
SF:/opt/srf-test-manager/lib/run-management/data-layer/organizers/extenders/test-run-chronology-extender.js
FN:9,(anonymous_1)
FN:10,TestRunChronologyExtender
FN:16,(anonymous_3)
FN:18,(anonymous_4)
FN:25,(anonymous_5)
FN:30,(anonymous_6)
FN:41,(anonymous_7)
FN:42,(anonymous_8)
FN:55,(anonymous_9)
FN:60,(anonymous_10)
FN:72,(anonymous_11)
FNF:11
FNH:1
FNDA:1,(anonymous_1)
FNDA:0,TestRunChronologyExtender
FNDA:0,(anonymous_3)
FNDA:0,(anonymous_4)
FNDA:0,(anonymous_5)
FNDA:0,(anonymous_6)
FNDA:0,(anonymous_7)
FNDA:0,(anonymous_8)
FNDA:0,(anonymous_9)
FNDA:0,(anonymous_10)
FNDA:0,(anonymous_11)
DA:2,1
DA:3,1
DA:4,1
DA:5,1
DA:6,1
DA:7,1
DA:8,1
DA:9,1
DA:10,1
DA:11,0
DA:12,0
DA:13,0
DA:14,0
DA:16,1
DA:17,0
DA:18,0
DA:19,0
DA:20,0
DA:21,0
DA:22,0
DA:24,0
DA:25,0
DA:27,0
DA:28,0
DA:30,0
DA:31,0
DA:32,0
DA:33,0
DA:34,0
DA:39,0
DA:41,0
DA:42,0
DA:43,0
DA:44,0
DA:47,0
DA:50,0
DA:53,0
DA:55,1
DA:56,0
DA:57,0
DA:58,0
DA:59,0
DA:60,0
DA:61,0
DA:70,0
DA:72,1
DA:73,0
DA:82,0
DA:83,0
DA:84,0
DA:87,0
DA:89,0
DA:91,0
DA:92,0
DA:93,0
DA:94,0
DA:95,0
DA:98,0
DA:99,0
DA:101,0
DA:102,0
DA:103,0
DA:104,0
DA:106,1
DA:108,1
LF:65
LH:14
BRDA:20,1,0,0
BRDA:20,1,1,0
BRDA:27,2,0,0
BRDA:27,2,1,0
BRDA:43,3,0,0
BRDA:43,3,1,0
BRDA:58,4,0,0
BRDA:58,4,1,0
BRDA:59,5,0,0
BRDA:59,5,1,0
BRDA:83,6,0,0
BRDA:83,6,1,0
BRDA:91,7,0,0
BRDA:91,7,1,0
BRDA:93,8,0,0
BRDA:93,8,1,0
BRF:16
BRH:0
end_of_record
TN:
SF:/opt/srf-test-manager/lib/run-management/data-layer/accessors/global-timed-out-test-runs-accessor.js
FN:5,(anonymous_1)
FN:6,GlobalTimedOutTestRunsAccessor
FN:11,(anonymous_3)
FN:18,(anonymous_4)
FN:22,(anonymous_5)
FN:25,(anonymous_6)
FN:35,(anonymous_7)
FNF:7
FNH:1
FNDA:1,(anonymous_1)
FNDA:0,GlobalTimedOutTestRunsAccessor
FNDA:0,(anonymous_3)
FNDA:0,(anonymous_4)
FNDA:0,(anonymous_5)
FNDA:0,(anonymous_6)
FNDA:0,(anonymous_7)
DA:2,1
DA:3,1
DA:4,1
DA:5,1
DA:6,1
DA:7,0
DA:8,0
DA:9,0
DA:11,1
DA:12,0
DA:15,0
DA:16,0
DA:17,0
DA:18,0
DA:19,0
DA:21,0
DA:23,0
DA:24,0
DA:25,0
DA:26,0
DA:27,0
DA:31,0
DA:33,0
DA:36,0
DA:37,0
DA:40,1
DA:42,1
LF:27
LH:8
BRF:0
BRH:0
end_of_record
TN:
SF:/opt/srf-test-manager/lib/run-management/business-logic/test-run-timeout-handler.js
FN:12,(anonymous_1)
FN:13,TestRunTimeoutHandler
FN:36,(anonymous_3)
FN:43,(anonymous_4)
FN:46,(anonymous_5)
FN:51,(anonymous_6)
FN:52,(anonymous_7)
FN:69,(anonymous_8)
FN:70,TestManagerTimedOutTestRunEventAmqpHandler
FN:75,(anonymous_10)
FN:80,(anonymous_11)
FN:87,(anonymous_12)
FN:90,(anonymous_13)
FN:94,(anonymous_14)
FN:106,(anonymous_15)
FN:119,(anonymous_16)
FN:123,(anonymous_17)
FNF:17
FNH:2
FNDA:1,(anonymous_1)
FNDA:0,TestRunTimeoutHandler
FNDA:0,(anonymous_3)
FNDA:0,(anonymous_4)
FNDA:0,(anonymous_5)
FNDA:0,(anonymous_6)
FNDA:0,(anonymous_7)
FNDA:1,(anonymous_8)
FNDA:0,TestManagerTimedOutTestRunEventAmqpHandler
FNDA:0,(anonymous_10)
FNDA:0,(anonymous_11)
FNDA:0,(anonymous_12)
FNDA:0,(anonymous_13)
FNDA:0,(anonymous_14)
FNDA:0,(anonymous_15)
FNDA:0,(anonymous_16)
FNDA:0,(anonymous_17)
DA:2,1
DA:3,1
DA:4,1
DA:5,1
DA:6,1
DA:7,1
DA:8,1
DA:9,1
DA:11,1
DA:12,1
DA:13,1
DA:14,0
DA:15,0
DA:16,0
DA:17,0
DA:18,0
DA:19,0
DA:20,0
DA:21,0
DA:22,0
DA:29,0
DA:33,0
DA:34,0
DA:36,1
DA:37,0
DA:38,0
DA:39,0
DA:43,0
DA:44,0
DA:46,1
DA:47,0
DA:48,0
DA:49,0
DA:50,0
DA:52,0
DA:53,0
DA:54,0
DA:62,0
DA:66,1
DA:68,1
DA:69,1
DA:70,1
DA:71,0
DA:72,0
DA:73,0
DA:75,1
DA:76,0
DA:77,0
DA:78,0
DA:79,0
DA:81,0
DA:82,0
DA:83,0
DA:85,0
DA:88,0
DA:91,0
DA:94,1
DA:95,0
DA:96,0
DA:97,0
DA:98,0
DA:99,0
DA:100,0
DA:101,0
DA:102,0
DA:104,0
DA:105,0
DA:107,0
DA:108,0
DA:112,0
DA:118,0
DA:120,0
DA:121,0
DA:124,0
DA:125,0
DA:128,1
DA:130,1
LF:77
LH:21
BRDA:40,1,0,0
BRDA:40,1,1,0
BRDA:82,2,0,0
BRDA:82,2,1,0
BRDA:82,3,0,0
BRDA:82,3,1,0
BRDA:82,3,2,0
BRDA:98,4,0,0
BRDA:98,4,1,0
BRDA:100,5,0,0
BRDA:100,5,1,0
BRDA:104,6,0,0
BRDA:104,6,1,0
BRDA:115,7,0,0
BRDA:115,7,1,0
BRF:15
BRH:0
end_of_record
TN:
SF:/opt/srf-test-manager/lib/run-management/business-logic/script-run-business-logic.js
FN:15,(anonymous_1)
FN:17,ScriptRunBusinessLogic
FN:34,(anonymous_3)
FN:40,(anonymous_4)
FN:48,(anonymous_5)
FN:50,(anonymous_6)
FN:55,(anonymous_7)
FN:66,(anonymous_8)
FN:67,(anonymous_9)
FN:72,(anonymous_10)
FN:84,(anonymous_11)
FN:85,(anonymous_12)
FN:109,(anonymous_13)
FN:110,(anonymous_14)
FN:118,(anonymous_15)
FN:126,(anonymous_16)
FN:130,(anonymous_17)
FN:164,(anonymous_18)
FN:177,(anonymous_19)
FN:244,(anonymous_20)
FN:253,(anonymous_21)
FN:257,(anonymous_22)
FN:264,(anonymous_23)
FN:265,(anonymous_24)
FN:272,(anonymous_25)
FN:281,(anonymous_26)
FN:289,(anonymous_27)
FN:307,(anonymous_28)
FN:310,(anonymous_29)
FN:320,(anonymous_30)
FN:354,(anonymous_31)
FN:362,(anonymous_32)
FN:365,(anonymous_33)
FN:375,(anonymous_34)
FN:378,(anonymous_35)
FN:386,(anonymous_36)
FNF:36
FNH:1
FNDA:1,(anonymous_1)
FNDA:0,ScriptRunBusinessLogic
FNDA:0,(anonymous_3)
FNDA:0,(anonymous_4)
FNDA:0,(anonymous_5)
FNDA:0,(anonymous_6)
FNDA:0,(anonymous_7)
FNDA:0,(anonymous_8)
FNDA:0,(anonymous_9)
FNDA:0,(anonymous_10)
FNDA:0,(anonymous_11)
FNDA:0,(anonymous_12)
FNDA:0,(anonymous_13)
FNDA:0,(anonymous_14)
FNDA:0,(anonymous_15)
FNDA:0,(anonymous_16)
FNDA:0,(anonymous_17)
FNDA:0,(anonymous_18)
FNDA:0,(anonymous_19)
FNDA:0,(anonymous_20)
FNDA:0,(anonymous_21)
FNDA:0,(anonymous_22)
FNDA:0,(anonymous_23)
FNDA:0,(anonymous_24)
FNDA:0,(anonymous_25)
FNDA:0,(anonymous_26)
FNDA:0,(anonymous_27)
FNDA:0,(anonymous_28)
FNDA:0,(anonymous_29)
FNDA:0,(anonymous_30)
FNDA:0,(anonymous_31)
FNDA:0,(anonymous_32)
FNDA:0,(anonymous_33)
FNDA:0,(anonymous_34)
FNDA:0,(anonymous_35)
FNDA:0,(anonymous_36)
DA:2,1
DA:3,1
DA:4,1
DA:5,1
DA:6,1
DA:7,1
DA:8,1
DA:9,1
DA:10,1
DA:11,1
DA:14,1
DA:15,1
DA:17,1
DA:18,0
DA:19,0
DA:20,0
DA:21,0
DA:22,0
DA:23,0
DA:24,0
DA:25,0
DA:27,0
DA:34,1
DA:35,0
DA:36,0
DA:37,0
DA:39,0
DA:40,0
DA:41,0
DA:42,0
DA:46,0
DA:47,0
DA:48,0
DA:49,0
DA:50,0
DA:52,0
DA:55,0
DA:56,0
DA:57,0
DA:58,0
DA:59,0
DA:61,0
DA:63,0
DA:64,0
DA:65,0
DA:66,0
DA:67,0
DA:68,0
DA:69,0
DA:70,0
DA:72,0
DA:73,0
DA:81,0
DA:82,0
DA:84,0
DA:85,0
DA:86,0
DA:100,0
DA:101,0
DA:103,0
DA:104,0
DA:107,0
DA:109,0
DA:110,0
DA:111,0
DA:112,0
DA:114,0
DA:118,1
DA:119,0
DA:120,0
DA:121,0
DA:122,0
DA:123,0
DA:124,0
DA:126,0
DA:127,0
DA:128,0
DA:130,0
DA:131,0
DA:132,0
DA:136,0
DA:137,0
DA:142,0
DA:161,0
DA:162,0
DA:163,0
DA:165,0
DA:166,0
DA:167,0
DA:170,0
DA:171,0
DA:172,0
DA:177,1
DA:178,0
DA:179,0
DA:180,0
DA:244,1
DA:245,0
DA:246,0
DA:247,0
DA:248,0
DA:249,0
DA:250,0
DA:251,0
DA:252,0
DA:254,0
DA:255,0
DA:256,0
DA:257,0
DA:258,0
DA:259,0
DA:261,0
DA:263,0
DA:265,0
DA:267,0
DA:272,0
DA:273,0
DA:276,0
DA:277,0
DA:279,0
DA:281,0
DA:282,0
DA:285,0
DA:286,0
DA:289,1
DA:290,0
DA:291,0
DA:292,0
DA:295,0
DA:296,0
DA:297,0
DA:298,0
DA:299,0
DA:300,0
DA:303,0
DA:305,0
DA:306,0
DA:309,0
DA:310,0
DA:311,0
DA:312,0
DA:313,0
DA:314,0
DA:317,0
DA:320,0
DA:321,0
DA:322,0
DA:323,0
DA:324,0
DA:338,0
DA:341,0
DA:342,0
DA:354,1
DA:355,0
DA:356,0
DA:357,0
DA:358,0
DA:359,0
DA:360,0
DA:361,0
DA:362,0
DA:363,0
DA:364,0
DA:365,0
DA:366,0
DA:367,0
DA:369,0
DA:375,1
DA:376,0
DA:377,0
DA:379,0
DA:380,0
DA:382,0
DA:383,0
DA:386,1
DA:387,0
DA:389,1
DA:391,1
LF:178
LH:23
BRDA:41,1,0,0
BRDA:41,1,1,0
BRDA:47,2,0,0
BRDA:47,2,1,0
BRDA:56,3,0,0
BRDA:56,3,1,0
BRDA:56,4,0,0
BRDA:56,4,1,0
BRDA:56,4,2,0
BRDA:56,4,3,0
BRDA:65,5,0,0
BRDA:65,5,1,0
BRDA:65,6,0,0
BRDA:65,6,1,0
BRDA:69,7,0,0
BRDA:69,7,1,0
BRDA:90,8,0,0
BRDA:90,8,1,0
BRDA:94,9,0,0
BRDA:94,9,1,0
BRDA:95,10,0,0
BRDA:95,10,1,0
BRDA:100,11,0,0
BRDA:100,11,1,0
BRDA:123,12,0,0
BRDA:123,12,1,0
BRDA:123,13,0,0
BRDA:123,13,1,0
BRDA:128,14,0,0
BRDA:128,14,1,0
BRDA:128,15,0,0
BRDA:128,15,1,0
BRDA:131,16,0,0
BRDA:131,16,1,0
BRDA:165,17,0,0
BRDA:165,17,1,0
BRDA:254,18,0,0
BRDA:254,18,1,0
BRDA:254,19,0,0
BRDA:254,19,1,0
BRDA:258,20,0,0
BRDA:258,20,1,0
BRDA:272,21,0,0
BRDA:272,21,1,0
BRDA:276,22,0,0
BRDA:276,22,1,0
BRDA:281,23,0,0
BRDA:281,23,1,0
BRDA:296,24,0,0
BRDA:296,24,1,0
BRDA:296,25,0,0
BRDA:296,25,1,0
BRDA:297,26,0,0
BRDA:297,26,1,0
BRDA:305,27,0,0
BRDA:305,27,1,0
BRDA:311,28,0,0
BRDA:311,28,1,0
BRDA:311,29,0,0
BRDA:311,29,1,0
BRDA:321,30,0,0
BRDA:321,30,1,0
BRDA:323,31,0,0
BRDA:323,31,1,0
BRDA:335,32,0,0
BRDA:335,32,1,0
BRDA:358,33,0,0
BRDA:358,33,1,0
BRDA:379,34,0,0
BRDA:379,34,1,0
BRF:70
BRH:0
end_of_record
TN:
SF:/opt/srf-test-manager/lib/run-management/business-logic/script-step-business-logic.js
FN:9,(anonymous_1)
FN:10,ScriptStepBusinessLogic
FN:20,(anonymous_3)
FN:46,(anonymous_4)
FN:55,(anonymous_5)
FN:76,(anonymous_6)
FN:85,(anonymous_7)
FN:88,(anonymous_8)
FNF:8
FNH:1
FNDA:1,(anonymous_1)
FNDA:0,ScriptStepBusinessLogic
FNDA:0,(anonymous_3)
FNDA:0,(anonymous_4)
FNDA:0,(anonymous_5)
FNDA:0,(anonymous_6)
FNDA:0,(anonymous_7)
FNDA:0,(anonymous_8)
DA:2,1
DA:3,1
DA:4,1
DA:5,1
DA:6,1
DA:7,1
DA:8,1
DA:9,1
DA:10,1
DA:11,0
DA:12,0
DA:13,0
DA:14,0
DA:15,0
DA:16,0
DA:17,0
DA:20,1
DA:21,0
DA:22,0
DA:23,0
DA:43,0
DA:44,0
DA:46,0
DA:47,0
DA:48,0
DA:49,0
DA:50,0
DA:52,0
DA:55,1
DA:56,0
DA:57,0
DA:58,0
DA:73,0
DA:74,0
DA:76,0
DA:77,0
DA:78,0
DA:79,0
DA:80,0
DA:82,0
DA:85,1
DA:86,0
DA:88,1
DA:89,0
DA:90,0
DA:91,0
DA:92,0
DA:95,1
DA:97,1
LF:49
LH:15
BRDA:29,1,0,0
BRDA:29,1,1,0
BRDA:31,2,0,0
BRDA:31,2,1,0
BRDA:43,3,0,0
BRDA:43,3,1,0
BRDA:47,4,0,0
BRDA:47,4,1,0
BRDA:48,5,0,0
BRDA:48,5,1,0
BRDA:73,6,0,0
BRDA:73,6,1,0
BRDA:77,7,0,0
BRDA:77,7,1,0
BRDA:78,8,0,0
BRDA:78,8,1,0
BRDA:89,9,0,0
BRDA:89,9,1,0
BRF:18
BRH:0
end_of_record
TN:
SF:/opt/srf-test-manager/lib/amqp-handlers/amqp-publisher.js
FN:6,(anonymous_1)
FN:7,TestManagerAmqpPublisher
FN:15,(anonymous_3)
FN:19,(anonymous_4)
FN:23,(anonymous_5)
FN:27,(anonymous_6)
FN:32,(anonymous_7)
FN:40,(anonymous_8)
FN:43,(anonymous_9)
FN:45,(anonymous_10)
FN:50,(anonymous_11)
FN:69,(anonymous_12)
FN:75,(anonymous_13)
FN:78,(anonymous_14)
FNF:14
FNH:1
FNDA:1,(anonymous_1)
FNDA:0,TestManagerAmqpPublisher
FNDA:0,(anonymous_3)
FNDA:0,(anonymous_4)
FNDA:0,(anonymous_5)
FNDA:0,(anonymous_6)
FNDA:0,(anonymous_7)
FNDA:0,(anonymous_8)
FNDA:0,(anonymous_9)
FNDA:0,(anonymous_10)
FNDA:0,(anonymous_11)
FNDA:0,(anonymous_12)
FNDA:0,(anonymous_13)
FNDA:0,(anonymous_14)
DA:2,1
DA:3,1
DA:4,1
DA:5,1
DA:6,1
DA:7,1
DA:8,0
DA:9,0
DA:10,0
DA:11,0
DA:12,0
DA:13,0
DA:14,0
DA:15,0
DA:16,0
DA:17,0
DA:19,0
DA:20,0
DA:21,0
DA:23,0
DA:24,0
DA:25,0
DA:27,0
DA:28,0
DA:29,0
DA:32,1
DA:33,0
DA:34,0
DA:35,0
DA:36,0
DA:37,0
DA:39,0
DA:40,0
DA:41,0
DA:44,0
DA:46,0
DA:47,0
DA:50,1
DA:51,0
DA:52,0
DA:53,0
DA:54,0
DA:55,0
DA:56,0
DA:57,0
DA:59,0
DA:60,0
DA:61,0
DA:63,0
DA:64,0
DA:65,0
DA:67,0
DA:69,1
DA:70,0
DA:71,0
DA:72,0
DA:73,0
DA:74,0
DA:75,0
DA:76,0
DA:78,0
DA:79,0
DA:82,1
DA:84,1
LF:64
LH:11
BRDA:35,1,0,0
BRDA:35,1,1,0
BRDA:51,2,0,0
BRDA:51,2,1,0
BRDA:52,3,0,0
BRDA:52,3,1,0
BRDA:55,4,0,0
BRDA:55,4,1,0
BRDA:59,5,0,0
BRDA:59,5,1,0
BRDA:63,6,0,0
BRDA:63,6,1,0
BRF:12
BRH:0
end_of_record
